[0.040s] Invoking command in '/home/jopel/Documents/01_Coding/ros2-myWorkspace/build/cpp_simple_pubsub': CMAKE_PREFIX_PATH=/opt/ros/humble /usr/bin/cmake /home/jopel/Documents/01_Coding/ros2-myWorkspace/src/cpp_simple_pubsub -DCMAKE_INSTALL_PREFIX=/home/jopel/Documents/01_Coding/ros2-myWorkspace/install/cpp_simple_pubsub
[0.099s] -- The C compiler identification is GNU 11.4.0
[0.160s] -- The CXX compiler identification is GNU 11.4.0
[0.166s] -- Detecting C compiler ABI info
[0.221s] -- Detecting C compiler ABI info - done
[0.232s] -- Check for working C compiler: /usr/bin/cc - skipped
[0.233s] -- Detecting C compile features
[0.233s] -- Detecting C compile features - done
[0.233s] -- Detecting CXX compiler ABI info
[0.314s] -- Detecting CXX compiler ABI info - done
[0.323s] -- Check for working CXX compiler: /usr/bin/c++ - skipped
[0.323s] -- Detecting CXX compile features
[0.324s] -- Detecting CXX compile features - done
[0.327s] -- Found ament_cmake: 1.3.5 (/opt/ros/humble/share/ament_cmake/cmake)
[0.455s] -- Found Python3: /usr/bin/python3.10 (found version "3.10.12") found components: Interpreter 
[0.523s] -- Found rclcpp: 16.0.6 (/opt/ros/humble/share/rclcpp/cmake)
[0.567s] -- Found rosidl_generator_c: 3.1.5 (/opt/ros/humble/share/rosidl_generator_c/cmake)
[0.572s] -- Found rosidl_adapter: 3.1.5 (/opt/ros/humble/share/rosidl_adapter/cmake)
[0.579s] -- Found rosidl_generator_cpp: 3.1.5 (/opt/ros/humble/share/rosidl_generator_cpp/cmake)
[0.592s] -- Using all available rosidl_typesupport_c: rosidl_typesupport_fastrtps_c;rosidl_typesupport_introspection_c
[0.608s] -- Using all available rosidl_typesupport_cpp: rosidl_typesupport_fastrtps_cpp;rosidl_typesupport_introspection_cpp
[0.685s] -- Found rmw_implementation_cmake: 6.1.1 (/opt/ros/humble/share/rmw_implementation_cmake/cmake)
[0.688s] -- Found rmw_fastrtps_cpp: 6.2.4 (/opt/ros/humble/share/rmw_fastrtps_cpp/cmake)
[0.799s] -- Found OpenSSL: /usr/lib/x86_64-linux-gnu/libcrypto.so (found version "3.0.2")  
[0.835s] -- Found FastRTPS: /opt/ros/humble/include  
[0.873s] -- Using RMW implementation 'rmw_fastrtps_cpp' as default
[0.882s] -- Looking for pthread.h
[0.932s] -- Looking for pthread.h - found
[0.933s] -- Performing Test CMAKE_HAVE_LIBC_PTHREAD
[0.990s] -- Performing Test CMAKE_HAVE_LIBC_PTHREAD - Success
[0.990s] -- Found Threads: TRUE  
[1.184s] -- Configuring done
[1.192s] -- Generating done
[1.193s] -- Build files have been written to: /home/jopel/Documents/01_Coding/ros2-myWorkspace/build/cpp_simple_pubsub
[1.200s] Invoked command in '/home/jopel/Documents/01_Coding/ros2-myWorkspace/build/cpp_simple_pubsub' returned '0': CMAKE_PREFIX_PATH=/opt/ros/humble /usr/bin/cmake /home/jopel/Documents/01_Coding/ros2-myWorkspace/src/cpp_simple_pubsub -DCMAKE_INSTALL_PREFIX=/home/jopel/Documents/01_Coding/ros2-myWorkspace/install/cpp_simple_pubsub
[1.202s] Invoking command in '/home/jopel/Documents/01_Coding/ros2-myWorkspace/build/cpp_simple_pubsub': CMAKE_PREFIX_PATH=/opt/ros/humble /usr/bin/cmake --build /home/jopel/Documents/01_Coding/ros2-myWorkspace/build/cpp_simple_pubsub -- -j2 -l2
[1.255s] [ 25%] [32mBuilding CXX object CMakeFiles/listener.dir/src/subscriber_member_function.cpp.o[0m
[1.255s] [ 50%] [32mBuilding CXX object CMakeFiles/talker.dir/src/publisher_member_function.cpp.o[0m
[4.964s] [ 75%] [32m[1mLinking CXX executable talker[0m
[5.183s] [ 75%] Built target talker
[8.037s] [100%] [32m[1mLinking CXX executable listener[0m
[8.327s] [100%] Built target listener
[8.335s] Invoked command in '/home/jopel/Documents/01_Coding/ros2-myWorkspace/build/cpp_simple_pubsub' returned '0': CMAKE_PREFIX_PATH=/opt/ros/humble /usr/bin/cmake --build /home/jopel/Documents/01_Coding/ros2-myWorkspace/build/cpp_simple_pubsub -- -j2 -l2
[8.369s] Invoking command in '/home/jopel/Documents/01_Coding/ros2-myWorkspace/build/cpp_simple_pubsub': CMAKE_PREFIX_PATH=/opt/ros/humble /usr/bin/cmake --install /home/jopel/Documents/01_Coding/ros2-myWorkspace/build/cpp_simple_pubsub
[8.371s] -- Install configuration: ""
[8.371s] -- Installing: /home/jopel/Documents/01_Coding/ros2-myWorkspace/install/cpp_simple_pubsub/lib/cpp_simple_pubsub/talker
[8.372s] -- Set runtime path of "/home/jopel/Documents/01_Coding/ros2-myWorkspace/install/cpp_simple_pubsub/lib/cpp_simple_pubsub/talker" to ""
[8.372s] -- Installing: /home/jopel/Documents/01_Coding/ros2-myWorkspace/install/cpp_simple_pubsub/lib/cpp_simple_pubsub/listener
[8.375s] -- Set runtime path of "/home/jopel/Documents/01_Coding/ros2-myWorkspace/install/cpp_simple_pubsub/lib/cpp_simple_pubsub/listener" to ""
[8.375s] -- Installing: /home/jopel/Documents/01_Coding/ros2-myWorkspace/install/cpp_simple_pubsub/share/ament_index/resource_index/package_run_dependencies/cpp_simple_pubsub
[8.376s] -- Installing: /home/jopel/Documents/01_Coding/ros2-myWorkspace/install/cpp_simple_pubsub/share/ament_index/resource_index/parent_prefix_path/cpp_simple_pubsub
[8.378s] -- Installing: /home/jopel/Documents/01_Coding/ros2-myWorkspace/install/cpp_simple_pubsub/share/cpp_simple_pubsub/environment/ament_prefix_path.sh
[8.378s] -- Installing: /home/jopel/Documents/01_Coding/ros2-myWorkspace/install/cpp_simple_pubsub/share/cpp_simple_pubsub/environment/ament_prefix_path.dsv
[8.378s] -- Installing: /home/jopel/Documents/01_Coding/ros2-myWorkspace/install/cpp_simple_pubsub/share/cpp_simple_pubsub/environment/path.sh
[8.378s] -- Installing: /home/jopel/Documents/01_Coding/ros2-myWorkspace/install/cpp_simple_pubsub/share/cpp_simple_pubsub/environment/path.dsv
[8.378s] -- Installing: /home/jopel/Documents/01_Coding/ros2-myWorkspace/install/cpp_simple_pubsub/share/cpp_simple_pubsub/local_setup.bash
[8.378s] -- Installing: /home/jopel/Documents/01_Coding/ros2-myWorkspace/install/cpp_simple_pubsub/share/cpp_simple_pubsub/local_setup.sh
[8.378s] -- Installing: /home/jopel/Documents/01_Coding/ros2-myWorkspace/install/cpp_simple_pubsub/share/cpp_simple_pubsub/local_setup.zsh
[8.378s] -- Installing: /home/jopel/Documents/01_Coding/ros2-myWorkspace/install/cpp_simple_pubsub/share/cpp_simple_pubsub/local_setup.dsv
[8.379s] -- Installing: /home/jopel/Documents/01_Coding/ros2-myWorkspace/install/cpp_simple_pubsub/share/cpp_simple_pubsub/package.dsv
[8.379s] -- Installing: /home/jopel/Documents/01_Coding/ros2-myWorkspace/install/cpp_simple_pubsub/share/ament_index/resource_index/packages/cpp_simple_pubsub
[8.379s] -- Installing: /home/jopel/Documents/01_Coding/ros2-myWorkspace/install/cpp_simple_pubsub/share/cpp_simple_pubsub/cmake/cpp_simple_pubsubConfig.cmake
[8.379s] -- Installing: /home/jopel/Documents/01_Coding/ros2-myWorkspace/install/cpp_simple_pubsub/share/cpp_simple_pubsub/cmake/cpp_simple_pubsubConfig-version.cmake
[8.379s] -- Installing: /home/jopel/Documents/01_Coding/ros2-myWorkspace/install/cpp_simple_pubsub/share/cpp_simple_pubsub/package.xml
[8.382s] Invoked command in '/home/jopel/Documents/01_Coding/ros2-myWorkspace/build/cpp_simple_pubsub' returned '0': CMAKE_PREFIX_PATH=/opt/ros/humble /usr/bin/cmake --install /home/jopel/Documents/01_Coding/ros2-myWorkspace/build/cpp_simple_pubsub
