[0.652s] DEBUG:colcon:Command line arguments: ['/usr/bin/colcon', 'build']
[0.652s] DEBUG:colcon:Parsed command line arguments: Namespace(log_base=None, log_level=None, verb_name='build', build_base='build', install_base='install', merge_install=False, symlink_install=False, test_result_base=None, continue_on_error=False, executor='parallel', parallel_workers=2, event_handlers=None, ignore_user_meta=False, metas=['./colcon.meta'], base_paths=['.'], packages_ignore=None, packages_ignore_regex=None, paths=None, packages_up_to=None, packages_up_to_regex=None, packages_above=None, packages_above_and_dependencies=None, packages_above_depth=None, packages_select_by_dep=None, packages_skip_by_dep=None, packages_skip_up_to=None, packages_select_build_failed=False, packages_skip_build_finished=False, packages_select_test_failures=False, packages_skip_test_passed=False, packages_select=None, packages_skip=None, packages_select_regex=None, packages_skip_regex=None, packages_start=None, packages_end=None, allow_overriding=[], cmake_args=None, cmake_target=None, cmake_target_skip_unavailable=False, cmake_clean_cache=False, cmake_clean_first=False, cmake_force_configure=False, ament_cmake_args=None, catkin_cmake_args=None, catkin_skip_building_tests=False, verb_parser=<colcon_defaults.argument_parser.defaults.DefaultArgumentsDecorator object at 0x7ffb33c16b00>, verb_extension=<colcon_core.verb.build.BuildVerb object at 0x7ffb340d7310>, main=<bound method BuildVerb.main of <colcon_core.verb.build.BuildVerb object at 0x7ffb340d7310>>)
[0.688s] Level 1:colcon.colcon_core.package_discovery:discover_packages(colcon_meta) check parameters
[0.688s] Level 1:colcon.colcon_core.package_discovery:discover_packages(recursive) check parameters
[0.688s] Level 1:colcon.colcon_core.package_discovery:discover_packages(ignore) check parameters
[0.688s] Level 1:colcon.colcon_core.package_discovery:discover_packages(path) check parameters
[0.688s] Level 1:colcon.colcon_core.package_discovery:discover_packages(colcon_meta) discover
[0.688s] Level 1:colcon.colcon_core.package_discovery:discover_packages(recursive) discover
[0.688s] INFO:colcon.colcon_core.package_discovery:Crawling recursively for packages in '/home/jopel/Documents/01_Coding/ros2-myWorkspace'
[0.688s] Level 1:colcon.colcon_core.package_identification:_identify(.) by extensions ['ignore', 'ignore_ament_install']
[0.688s] Level 1:colcon.colcon_core.package_identification:_identify(.) by extension 'ignore'
[0.688s] Level 1:colcon.colcon_core.package_identification:_identify(.) by extension 'ignore_ament_install'
[0.688s] Level 1:colcon.colcon_core.package_identification:_identify(.) by extensions ['colcon_pkg']
[0.688s] Level 1:colcon.colcon_core.package_identification:_identify(.) by extension 'colcon_pkg'
[0.688s] Level 1:colcon.colcon_core.package_identification:_identify(.) by extensions ['colcon_meta']
[0.688s] Level 1:colcon.colcon_core.package_identification:_identify(.) by extension 'colcon_meta'
[0.688s] Level 1:colcon.colcon_core.package_identification:_identify(.) by extensions ['ros']
[0.688s] Level 1:colcon.colcon_core.package_identification:_identify(.) by extension 'ros'
[0.699s] Level 1:colcon.colcon_core.package_identification:_identify(.) by extensions ['cmake', 'python']
[0.699s] Level 1:colcon.colcon_core.package_identification:_identify(.) by extension 'cmake'
[0.699s] Level 1:colcon.colcon_core.package_identification:_identify(.) by extension 'python'
[0.699s] Level 1:colcon.colcon_core.package_identification:_identify(.) by extensions ['python_setup_py']
[0.700s] Level 1:colcon.colcon_core.package_identification:_identify(.) by extension 'python_setup_py'
[0.700s] Level 1:colcon.colcon_core.package_identification:_identify(build) by extensions ['ignore', 'ignore_ament_install']
[0.700s] Level 1:colcon.colcon_core.package_identification:_identify(build) by extension 'ignore'
[0.701s] Level 1:colcon.colcon_core.package_identification:_identify(build) ignored
[0.701s] Level 1:colcon.colcon_core.package_identification:_identify(install) by extensions ['ignore', 'ignore_ament_install']
[0.701s] Level 1:colcon.colcon_core.package_identification:_identify(install) by extension 'ignore'
[0.701s] Level 1:colcon.colcon_core.package_identification:_identify(install) ignored
[0.701s] Level 1:colcon.colcon_core.package_identification:_identify(log) by extensions ['ignore', 'ignore_ament_install']
[0.701s] Level 1:colcon.colcon_core.package_identification:_identify(log) by extension 'ignore'
[0.701s] Level 1:colcon.colcon_core.package_identification:_identify(log) ignored
[0.701s] Level 1:colcon.colcon_core.package_identification:_identify(src) by extensions ['ignore', 'ignore_ament_install']
[0.701s] Level 1:colcon.colcon_core.package_identification:_identify(src) by extension 'ignore'
[0.701s] Level 1:colcon.colcon_core.package_identification:_identify(src) by extension 'ignore_ament_install'
[0.701s] Level 1:colcon.colcon_core.package_identification:_identify(src) by extensions ['colcon_pkg']
[0.701s] Level 1:colcon.colcon_core.package_identification:_identify(src) by extension 'colcon_pkg'
[0.701s] Level 1:colcon.colcon_core.package_identification:_identify(src) by extensions ['colcon_meta']
[0.702s] Level 1:colcon.colcon_core.package_identification:_identify(src) by extension 'colcon_meta'
[0.702s] Level 1:colcon.colcon_core.package_identification:_identify(src) by extensions ['ros']
[0.702s] Level 1:colcon.colcon_core.package_identification:_identify(src) by extension 'ros'
[0.702s] Level 1:colcon.colcon_core.package_identification:_identify(src) by extensions ['cmake', 'python']
[0.702s] Level 1:colcon.colcon_core.package_identification:_identify(src) by extension 'cmake'
[0.702s] Level 1:colcon.colcon_core.package_identification:_identify(src) by extension 'python'
[0.702s] Level 1:colcon.colcon_core.package_identification:_identify(src) by extensions ['python_setup_py']
[0.702s] Level 1:colcon.colcon_core.package_identification:_identify(src) by extension 'python_setup_py'
[0.702s] Level 1:colcon.colcon_core.package_identification:_identify(src/my_cpp_package) by extensions ['ignore', 'ignore_ament_install']
[0.702s] Level 1:colcon.colcon_core.package_identification:_identify(src/my_cpp_package) by extension 'ignore'
[0.702s] Level 1:colcon.colcon_core.package_identification:_identify(src/my_cpp_package) by extension 'ignore_ament_install'
[0.702s] Level 1:colcon.colcon_core.package_identification:_identify(src/my_cpp_package) by extensions ['colcon_pkg']
[0.702s] Level 1:colcon.colcon_core.package_identification:_identify(src/my_cpp_package) by extension 'colcon_pkg'
[0.702s] Level 1:colcon.colcon_core.package_identification:_identify(src/my_cpp_package) by extensions ['colcon_meta']
[0.702s] Level 1:colcon.colcon_core.package_identification:_identify(src/my_cpp_package) by extension 'colcon_meta'
[0.702s] Level 1:colcon.colcon_core.package_identification:_identify(src/my_cpp_package) by extensions ['ros']
[0.702s] Level 1:colcon.colcon_core.package_identification:_identify(src/my_cpp_package) by extension 'ros'
[0.704s] DEBUG:colcon.colcon_core.package_identification:Package 'src/my_cpp_package' with type 'ros.ament_cmake' and name 'my_cpp_package'
[0.705s] Level 1:colcon.colcon_core.package_identification:_identify(src/my_py_package) by extensions ['ignore', 'ignore_ament_install']
[0.705s] Level 1:colcon.colcon_core.package_identification:_identify(src/my_py_package) by extension 'ignore'
[0.705s] Level 1:colcon.colcon_core.package_identification:_identify(src/my_py_package) by extension 'ignore_ament_install'
[0.705s] Level 1:colcon.colcon_core.package_identification:_identify(src/my_py_package) by extensions ['colcon_pkg']
[0.705s] Level 1:colcon.colcon_core.package_identification:_identify(src/my_py_package) by extension 'colcon_pkg'
[0.705s] Level 1:colcon.colcon_core.package_identification:_identify(src/my_py_package) by extensions ['colcon_meta']
[0.705s] Level 1:colcon.colcon_core.package_identification:_identify(src/my_py_package) by extension 'colcon_meta'
[0.705s] Level 1:colcon.colcon_core.package_identification:_identify(src/my_py_package) by extensions ['ros']
[0.705s] Level 1:colcon.colcon_core.package_identification:_identify(src/my_py_package) by extension 'ros'
[0.705s] DEBUG:colcon.colcon_core.package_identification:Package 'src/my_py_package' with type 'ros.ament_python' and name 'my_py_package'
[0.705s] Level 1:colcon.colcon_core.package_discovery:discover_packages(recursive) using defaults
[0.705s] Level 1:colcon.colcon_core.package_discovery:discover_packages(ignore) discover
[0.705s] Level 1:colcon.colcon_core.package_discovery:discover_packages(ignore) using defaults
[0.705s] Level 1:colcon.colcon_core.package_discovery:discover_packages(path) discover
[0.706s] Level 1:colcon.colcon_core.package_discovery:discover_packages(path) using defaults
[0.783s] Level 1:colcon.colcon_core.package_discovery:discover_packages(prefix_path) check parameters
[0.783s] Level 1:colcon.colcon_core.package_discovery:discover_packages(prefix_path) discover
[0.803s] DEBUG:colcon.colcon_installed_package_information.package_discovery:Found 1 installed packages in /home/jopel/Documents/01_Coding/ros2-workspace-tut/install
[0.813s] DEBUG:colcon.colcon_installed_package_information.package_discovery:Found 284 installed packages in /opt/ros/humble
[0.814s] Level 1:colcon.colcon_core.package_discovery:discover_packages(prefix_path) using defaults
[0.878s] Level 5:colcon.colcon_core.verb:set package 'my_cpp_package' build argument 'cmake_args' from command line to 'None'
[0.878s] Level 5:colcon.colcon_core.verb:set package 'my_cpp_package' build argument 'cmake_target' from command line to 'None'
[0.878s] Level 5:colcon.colcon_core.verb:set package 'my_cpp_package' build argument 'cmake_target_skip_unavailable' from command line to 'False'
[0.878s] Level 5:colcon.colcon_core.verb:set package 'my_cpp_package' build argument 'cmake_clean_cache' from command line to 'False'
[0.878s] Level 5:colcon.colcon_core.verb:set package 'my_cpp_package' build argument 'cmake_clean_first' from command line to 'False'
[0.878s] Level 5:colcon.colcon_core.verb:set package 'my_cpp_package' build argument 'cmake_force_configure' from command line to 'False'
[0.878s] Level 5:colcon.colcon_core.verb:set package 'my_cpp_package' build argument 'ament_cmake_args' from command line to 'None'
[0.878s] Level 5:colcon.colcon_core.verb:set package 'my_cpp_package' build argument 'catkin_cmake_args' from command line to 'None'
[0.878s] Level 5:colcon.colcon_core.verb:set package 'my_cpp_package' build argument 'catkin_skip_building_tests' from command line to 'False'
[0.878s] DEBUG:colcon.colcon_core.verb:Building package 'my_cpp_package' with the following arguments: {'ament_cmake_args': None, 'build_base': '/home/jopel/Documents/01_Coding/ros2-myWorkspace/build/my_cpp_package', 'catkin_cmake_args': None, 'catkin_skip_building_tests': False, 'cmake_args': None, 'cmake_clean_cache': False, 'cmake_clean_first': False, 'cmake_force_configure': False, 'cmake_target': None, 'cmake_target_skip_unavailable': False, 'install_base': '/home/jopel/Documents/01_Coding/ros2-myWorkspace/install/my_cpp_package', 'merge_install': False, 'path': '/home/jopel/Documents/01_Coding/ros2-myWorkspace/src/my_cpp_package', 'symlink_install': False, 'test_result_base': None}
[0.888s] Level 5:colcon.colcon_core.verb:set package 'my_py_package' build argument 'cmake_args' from command line to 'None'
[0.888s] Level 5:colcon.colcon_core.verb:set package 'my_py_package' build argument 'cmake_target' from command line to 'None'
[0.888s] Level 5:colcon.colcon_core.verb:set package 'my_py_package' build argument 'cmake_target_skip_unavailable' from command line to 'False'
[0.888s] Level 5:colcon.colcon_core.verb:set package 'my_py_package' build argument 'cmake_clean_cache' from command line to 'False'
[0.888s] Level 5:colcon.colcon_core.verb:set package 'my_py_package' build argument 'cmake_clean_first' from command line to 'False'
[0.888s] Level 5:colcon.colcon_core.verb:set package 'my_py_package' build argument 'cmake_force_configure' from command line to 'False'
[0.888s] Level 5:colcon.colcon_core.verb:set package 'my_py_package' build argument 'ament_cmake_args' from command line to 'None'
[0.888s] Level 5:colcon.colcon_core.verb:set package 'my_py_package' build argument 'catkin_cmake_args' from command line to 'None'
[0.888s] Level 5:colcon.colcon_core.verb:set package 'my_py_package' build argument 'catkin_skip_building_tests' from command line to 'False'
[0.888s] DEBUG:colcon.colcon_core.verb:Building package 'my_py_package' with the following arguments: {'ament_cmake_args': None, 'build_base': '/home/jopel/Documents/01_Coding/ros2-myWorkspace/build/my_py_package', 'catkin_cmake_args': None, 'catkin_skip_building_tests': False, 'cmake_args': None, 'cmake_clean_cache': False, 'cmake_clean_first': False, 'cmake_force_configure': False, 'cmake_target': None, 'cmake_target_skip_unavailable': False, 'install_base': '/home/jopel/Documents/01_Coding/ros2-myWorkspace/install/my_py_package', 'merge_install': False, 'path': '/home/jopel/Documents/01_Coding/ros2-myWorkspace/src/my_py_package', 'symlink_install': False, 'test_result_base': None}
[0.897s] INFO:colcon.colcon_core.executor:Executing jobs using 'parallel' executor
[0.906s] DEBUG:colcon.colcon_parallel_executor.executor.parallel:run_until_complete
[0.907s] INFO:colcon.colcon_ros.task.ament_cmake.build:Building ROS package in '/home/jopel/Documents/01_Coding/ros2-myWorkspace/src/my_cpp_package' with build type 'ament_cmake'
[0.907s] INFO:colcon.colcon_cmake.task.cmake.build:Building CMake package in '/home/jopel/Documents/01_Coding/ros2-myWorkspace/src/my_cpp_package'
[0.917s] INFO:colcon.colcon_core.plugin_system:Skipping extension 'colcon_core.shell.bat': Not used on non-Windows systems
[0.917s] INFO:colcon.colcon_core.shell:Skip shell extension 'powershell' for command environment: Not usable outside of PowerShell
[0.917s] DEBUG:colcon.colcon_core.shell:Skip shell extension 'dsv' for command environment
[0.946s] INFO:colcon.colcon_ros.task.ament_python.build:Building ROS package in '/home/jopel/Documents/01_Coding/ros2-myWorkspace/src/my_py_package' with build type 'ament_python'
[0.946s] Level 1:colcon.colcon_core.shell:create_environment_hook('my_py_package', 'ament_prefix_path')
[0.956s] INFO:colcon.colcon_core.shell:Creating environment hook '/home/jopel/Documents/01_Coding/ros2-myWorkspace/install/my_py_package/share/my_py_package/hook/ament_prefix_path.ps1'
[0.956s] INFO:colcon.colcon_core.shell:Creating environment descriptor '/home/jopel/Documents/01_Coding/ros2-myWorkspace/install/my_py_package/share/my_py_package/hook/ament_prefix_path.dsv'
[0.957s] INFO:colcon.colcon_core.shell:Creating environment hook '/home/jopel/Documents/01_Coding/ros2-myWorkspace/install/my_py_package/share/my_py_package/hook/ament_prefix_path.sh'
[0.966s] INFO:colcon.colcon_core.shell:Skip shell extension 'powershell' for command environment: Not usable outside of PowerShell
[0.966s] DEBUG:colcon.colcon_core.shell:Skip shell extension 'dsv' for command environment
[0.999s] DEBUG:colcon.colcon_core.event_handler.log_command:Invoking command in '/home/jopel/Documents/01_Coding/ros2-myWorkspace/build/my_cpp_package': CMAKE_PREFIX_PATH=${CMAKE_PREFIX_PATH}:/opt/ros/humble /usr/bin/cmake /home/jopel/Documents/01_Coding/ros2-myWorkspace/src/my_cpp_package -DCMAKE_INSTALL_PREFIX=/home/jopel/Documents/01_Coding/ros2-myWorkspace/install/my_cpp_package
[1.232s] INFO:colcon.colcon_core.task.python.build:Building Python package in '/home/jopel/Documents/01_Coding/ros2-myWorkspace/src/my_py_package'
[1.267s] INFO:colcon.colcon_core.shell:Skip shell extension 'powershell' for command environment: Not usable outside of PowerShell
[1.267s] DEBUG:colcon.colcon_core.shell:Skip shell extension 'dsv' for command environment
[1.528s] DEBUG:colcon.colcon_core.event_handler.log_command:Invoked command in '/home/jopel/Documents/01_Coding/ros2-myWorkspace/build/my_cpp_package' returned '0': CMAKE_PREFIX_PATH=${CMAKE_PREFIX_PATH}:/opt/ros/humble /usr/bin/cmake /home/jopel/Documents/01_Coding/ros2-myWorkspace/src/my_cpp_package -DCMAKE_INSTALL_PREFIX=/home/jopel/Documents/01_Coding/ros2-myWorkspace/install/my_cpp_package
[1.529s] DEBUG:colcon.colcon_core.event_handler.log_command:Invoking command in '/home/jopel/Documents/01_Coding/ros2-myWorkspace/build/my_cpp_package': CMAKE_PREFIX_PATH=${CMAKE_PREFIX_PATH}:/opt/ros/humble /usr/bin/cmake --build /home/jopel/Documents/01_Coding/ros2-myWorkspace/build/my_cpp_package -- -j2 -l2
[1.582s] DEBUG:colcon.colcon_core.event_handler.log_command:Invoking command in '/home/jopel/Documents/01_Coding/ros2-myWorkspace/src/my_py_package': PYTHONPATH=/home/jopel/Documents/01_Coding/ros2-myWorkspace/build/my_py_package/prefix_override:/home/jopel/Documents/01_Coding/ros2-myWorkspace/install/my_py_package/lib/python3.10/site-packages:${PYTHONPATH} /usr/bin/python3 setup.py egg_info --egg-base ../../build/my_py_package build --build-base /home/jopel/Documents/01_Coding/ros2-myWorkspace/build/my_py_package/build install --record /home/jopel/Documents/01_Coding/ros2-myWorkspace/build/my_py_package/install.log --single-version-externally-managed
[1.659s] DEBUG:colcon.colcon_core.event_handler.log_command:Invoked command in '/home/jopel/Documents/01_Coding/ros2-myWorkspace/build/my_cpp_package' returned '0': CMAKE_PREFIX_PATH=${CMAKE_PREFIX_PATH}:/opt/ros/humble /usr/bin/cmake --build /home/jopel/Documents/01_Coding/ros2-myWorkspace/build/my_cpp_package -- -j2 -l2
[1.687s] DEBUG:colcon.colcon_core.event_handler.log_command:Invoking command in '/home/jopel/Documents/01_Coding/ros2-myWorkspace/build/my_cpp_package': CMAKE_PREFIX_PATH=${CMAKE_PREFIX_PATH}:/opt/ros/humble /usr/bin/cmake --install /home/jopel/Documents/01_Coding/ros2-myWorkspace/build/my_cpp_package
[1.712s] Level 1:colcon.colcon_core.environment:create_environment_scripts_only(my_cpp_package)
[1.715s] DEBUG:colcon.colcon_core.event_handler.log_command:Invoked command in '/home/jopel/Documents/01_Coding/ros2-myWorkspace/build/my_cpp_package' returned '0': CMAKE_PREFIX_PATH=${CMAKE_PREFIX_PATH}:/opt/ros/humble /usr/bin/cmake --install /home/jopel/Documents/01_Coding/ros2-myWorkspace/build/my_cpp_package
[1.737s] Level 1:colcon.colcon_core.environment:checking '/home/jopel/Documents/01_Coding/ros2-myWorkspace/install/my_cpp_package' for CMake module files
[1.737s] Level 1:colcon.colcon_core.environment:checking '/home/jopel/Documents/01_Coding/ros2-myWorkspace/install/my_cpp_package' for CMake config files
[1.737s] Level 1:colcon.colcon_core.shell:create_environment_hook('my_cpp_package', 'cmake_prefix_path')
[1.756s] INFO:colcon.colcon_core.shell:Creating environment hook '/home/jopel/Documents/01_Coding/ros2-myWorkspace/install/my_cpp_package/share/my_cpp_package/hook/cmake_prefix_path.ps1'
[1.756s] INFO:colcon.colcon_core.shell:Creating environment descriptor '/home/jopel/Documents/01_Coding/ros2-myWorkspace/install/my_cpp_package/share/my_cpp_package/hook/cmake_prefix_path.dsv'
[1.757s] INFO:colcon.colcon_core.shell:Creating environment hook '/home/jopel/Documents/01_Coding/ros2-myWorkspace/install/my_cpp_package/share/my_cpp_package/hook/cmake_prefix_path.sh'
[1.757s] Level 1:colcon.colcon_core.environment:checking '/home/jopel/Documents/01_Coding/ros2-myWorkspace/install/my_cpp_package/lib'
[1.757s] Level 1:colcon.colcon_core.environment:checking '/home/jopel/Documents/01_Coding/ros2-myWorkspace/install/my_cpp_package/bin'
[1.757s] Level 1:colcon.colcon_core.environment:checking '/home/jopel/Documents/01_Coding/ros2-myWorkspace/install/my_cpp_package/lib/pkgconfig/my_cpp_package.pc'
[1.757s] Level 1:colcon.colcon_core.environment:checking '/home/jopel/Documents/01_Coding/ros2-myWorkspace/install/my_cpp_package/lib/python3.10/site-packages'
[1.758s] Level 1:colcon.colcon_core.environment:checking '/home/jopel/Documents/01_Coding/ros2-myWorkspace/install/my_cpp_package/bin'
[1.768s] INFO:colcon.colcon_core.shell:Creating package script '/home/jopel/Documents/01_Coding/ros2-myWorkspace/install/my_cpp_package/share/my_cpp_package/package.ps1'
[1.768s] INFO:colcon.colcon_core.shell:Creating package descriptor '/home/jopel/Documents/01_Coding/ros2-myWorkspace/install/my_cpp_package/share/my_cpp_package/package.dsv'
[1.769s] INFO:colcon.colcon_core.shell:Creating package script '/home/jopel/Documents/01_Coding/ros2-myWorkspace/install/my_cpp_package/share/my_cpp_package/package.sh'
[1.769s] INFO:colcon.colcon_core.shell:Creating package script '/home/jopel/Documents/01_Coding/ros2-myWorkspace/install/my_cpp_package/share/my_cpp_package/package.bash'
[1.770s] INFO:colcon.colcon_core.shell:Creating package script '/home/jopel/Documents/01_Coding/ros2-myWorkspace/install/my_cpp_package/share/my_cpp_package/package.zsh'
[1.770s] Level 1:colcon.colcon_core.environment:create_file_with_runtime_dependencies(/home/jopel/Documents/01_Coding/ros2-myWorkspace/install/my_cpp_package/share/colcon-core/packages/my_cpp_package)
[1.816s] Level 1:colcon.colcon_core.environment:create_environment_scripts_only(my_cpp_package)
[1.826s] Level 1:colcon.colcon_core.environment:checking '/home/jopel/Documents/01_Coding/ros2-myWorkspace/install/my_cpp_package' for CMake module files
[1.826s] Level 1:colcon.colcon_core.environment:checking '/home/jopel/Documents/01_Coding/ros2-myWorkspace/install/my_cpp_package' for CMake config files
[1.826s] Level 1:colcon.colcon_core.shell:create_environment_hook('my_cpp_package', 'cmake_prefix_path')
[1.836s] INFO:colcon.colcon_core.shell:Creating environment hook '/home/jopel/Documents/01_Coding/ros2-myWorkspace/install/my_cpp_package/share/my_cpp_package/hook/cmake_prefix_path.ps1'
[1.837s] INFO:colcon.colcon_core.shell:Creating environment descriptor '/home/jopel/Documents/01_Coding/ros2-myWorkspace/install/my_cpp_package/share/my_cpp_package/hook/cmake_prefix_path.dsv'
[1.837s] INFO:colcon.colcon_core.shell:Creating environment hook '/home/jopel/Documents/01_Coding/ros2-myWorkspace/install/my_cpp_package/share/my_cpp_package/hook/cmake_prefix_path.sh'
[1.837s] Level 1:colcon.colcon_core.environment:checking '/home/jopel/Documents/01_Coding/ros2-myWorkspace/install/my_cpp_package/lib'
[1.837s] Level 1:colcon.colcon_core.environment:checking '/home/jopel/Documents/01_Coding/ros2-myWorkspace/install/my_cpp_package/bin'
[1.837s] Level 1:colcon.colcon_core.environment:checking '/home/jopel/Documents/01_Coding/ros2-myWorkspace/install/my_cpp_package/lib/pkgconfig/my_cpp_package.pc'
[1.838s] Level 1:colcon.colcon_core.environment:checking '/home/jopel/Documents/01_Coding/ros2-myWorkspace/install/my_cpp_package/lib/python3.10/site-packages'
[1.838s] Level 1:colcon.colcon_core.environment:checking '/home/jopel/Documents/01_Coding/ros2-myWorkspace/install/my_cpp_package/bin'
[1.848s] INFO:colcon.colcon_core.shell:Creating package script '/home/jopel/Documents/01_Coding/ros2-myWorkspace/install/my_cpp_package/share/my_cpp_package/package.ps1'
[1.848s] INFO:colcon.colcon_core.shell:Creating package descriptor '/home/jopel/Documents/01_Coding/ros2-myWorkspace/install/my_cpp_package/share/my_cpp_package/package.dsv'
[1.848s] INFO:colcon.colcon_core.shell:Creating package script '/home/jopel/Documents/01_Coding/ros2-myWorkspace/install/my_cpp_package/share/my_cpp_package/package.sh'
[1.849s] INFO:colcon.colcon_core.shell:Creating package script '/home/jopel/Documents/01_Coding/ros2-myWorkspace/install/my_cpp_package/share/my_cpp_package/package.bash'
[1.849s] INFO:colcon.colcon_core.shell:Creating package script '/home/jopel/Documents/01_Coding/ros2-myWorkspace/install/my_cpp_package/share/my_cpp_package/package.zsh'
[1.849s] Level 1:colcon.colcon_core.environment:create_file_with_runtime_dependencies(/home/jopel/Documents/01_Coding/ros2-myWorkspace/install/my_cpp_package/share/colcon-core/packages/my_cpp_package)
[1.851s] DEBUG:colcon.colcon_core.event_handler.log_command:Invoked command in '/home/jopel/Documents/01_Coding/ros2-myWorkspace/src/my_py_package' returned '0': PYTHONPATH=/home/jopel/Documents/01_Coding/ros2-myWorkspace/build/my_py_package/prefix_override:/home/jopel/Documents/01_Coding/ros2-myWorkspace/install/my_py_package/lib/python3.10/site-packages:${PYTHONPATH} /usr/bin/python3 setup.py egg_info --egg-base ../../build/my_py_package build --build-base /home/jopel/Documents/01_Coding/ros2-myWorkspace/build/my_py_package/build install --record /home/jopel/Documents/01_Coding/ros2-myWorkspace/build/my_py_package/install.log --single-version-externally-managed
[1.861s] Level 1:colcon.colcon_core.environment:checking '/home/jopel/Documents/01_Coding/ros2-myWorkspace/install/my_py_package' for CMake module files
[1.861s] Level 1:colcon.colcon_core.environment:checking '/home/jopel/Documents/01_Coding/ros2-myWorkspace/install/my_py_package' for CMake config files
[1.861s] Level 1:colcon.colcon_core.environment:checking '/home/jopel/Documents/01_Coding/ros2-myWorkspace/install/my_py_package/lib'
[1.861s] Level 1:colcon.colcon_core.environment:checking '/home/jopel/Documents/01_Coding/ros2-myWorkspace/install/my_py_package/bin'
[1.861s] Level 1:colcon.colcon_core.environment:checking '/home/jopel/Documents/01_Coding/ros2-myWorkspace/install/my_py_package/lib/pkgconfig/my_py_package.pc'
[1.862s] Level 1:colcon.colcon_core.environment:checking '/home/jopel/Documents/01_Coding/ros2-myWorkspace/install/my_py_package/lib/python3.10/site-packages'
[1.862s] Level 1:colcon.colcon_core.shell:create_environment_hook('my_py_package', 'pythonpath')
[1.872s] INFO:colcon.colcon_core.shell:Creating environment hook '/home/jopel/Documents/01_Coding/ros2-myWorkspace/install/my_py_package/share/my_py_package/hook/pythonpath.ps1'
[1.872s] INFO:colcon.colcon_core.shell:Creating environment descriptor '/home/jopel/Documents/01_Coding/ros2-myWorkspace/install/my_py_package/share/my_py_package/hook/pythonpath.dsv'
[1.872s] INFO:colcon.colcon_core.shell:Creating environment hook '/home/jopel/Documents/01_Coding/ros2-myWorkspace/install/my_py_package/share/my_py_package/hook/pythonpath.sh'
[1.873s] Level 1:colcon.colcon_core.environment:checking '/home/jopel/Documents/01_Coding/ros2-myWorkspace/install/my_py_package/bin'
[1.873s] Level 1:colcon.colcon_core.environment:create_environment_scripts_only(my_py_package)
[1.899s] INFO:colcon.colcon_core.shell:Creating package script '/home/jopel/Documents/01_Coding/ros2-myWorkspace/install/my_py_package/share/my_py_package/package.ps1'
[1.899s] INFO:colcon.colcon_core.shell:Creating package descriptor '/home/jopel/Documents/01_Coding/ros2-myWorkspace/install/my_py_package/share/my_py_package/package.dsv'
[1.899s] INFO:colcon.colcon_core.shell:Creating package script '/home/jopel/Documents/01_Coding/ros2-myWorkspace/install/my_py_package/share/my_py_package/package.sh'
[1.900s] INFO:colcon.colcon_core.shell:Creating package script '/home/jopel/Documents/01_Coding/ros2-myWorkspace/install/my_py_package/share/my_py_package/package.bash'
[1.900s] INFO:colcon.colcon_core.shell:Creating package script '/home/jopel/Documents/01_Coding/ros2-myWorkspace/install/my_py_package/share/my_py_package/package.zsh'
[1.900s] Level 1:colcon.colcon_core.environment:create_file_with_runtime_dependencies(/home/jopel/Documents/01_Coding/ros2-myWorkspace/install/my_py_package/share/colcon-core/packages/my_py_package)
[1.901s] DEBUG:colcon.colcon_parallel_executor.executor.parallel:closing loop
[1.901s] DEBUG:colcon.colcon_parallel_executor.executor.parallel:loop closed
[1.901s] DEBUG:colcon.colcon_parallel_executor.executor.parallel:run_until_complete finished with '0'
[1.901s] DEBUG:colcon.colcon_core.event_reactor:joining thread
[1.914s] INFO:colcon.colcon_core.plugin_system:Skipping extension 'colcon_notification.desktop_notification.terminal_notifier': Not used on non-Darwin systems
[1.915s] INFO:colcon.colcon_core.plugin_system:Skipping extension 'colcon_notification.desktop_notification.win32': Not used on non-Windows systems
[1.915s] INFO:colcon.colcon_notification.desktop_notification:Sending desktop notification using 'notify2'
[1.924s] DEBUG:colcon.colcon_core.event_reactor:joined thread
[1.935s] INFO:colcon.colcon_core.shell:Creating prefix script '/home/jopel/Documents/01_Coding/ros2-myWorkspace/install/local_setup.ps1'
[1.935s] INFO:colcon.colcon_core.shell:Creating prefix util module '/home/jopel/Documents/01_Coding/ros2-myWorkspace/install/_local_setup_util_ps1.py'
[1.936s] INFO:colcon.colcon_core.shell:Creating prefix chain script '/home/jopel/Documents/01_Coding/ros2-myWorkspace/install/setup.ps1'
[1.946s] INFO:colcon.colcon_core.shell:Creating prefix script '/home/jopel/Documents/01_Coding/ros2-myWorkspace/install/local_setup.sh'
[1.947s] INFO:colcon.colcon_core.shell:Creating prefix util module '/home/jopel/Documents/01_Coding/ros2-myWorkspace/install/_local_setup_util_sh.py'
[1.947s] INFO:colcon.colcon_core.shell:Creating prefix chain script '/home/jopel/Documents/01_Coding/ros2-myWorkspace/install/setup.sh'
[1.957s] INFO:colcon.colcon_core.shell:Creating prefix script '/home/jopel/Documents/01_Coding/ros2-myWorkspace/install/local_setup.bash'
[1.957s] INFO:colcon.colcon_core.shell:Creating prefix chain script '/home/jopel/Documents/01_Coding/ros2-myWorkspace/install/setup.bash'
[1.968s] INFO:colcon.colcon_core.shell:Creating prefix script '/home/jopel/Documents/01_Coding/ros2-myWorkspace/install/local_setup.zsh'
[1.968s] INFO:colcon.colcon_core.shell:Creating prefix chain script '/home/jopel/Documents/01_Coding/ros2-myWorkspace/install/setup.zsh'
