[0.092s] Invoking command in '/home/jopel/Documents/01_Coding/ros2-myWorkspace/build/my_cpp_package': CMAKE_PREFIX_PATH=${CMAKE_PREFIX_PATH}:/opt/ros/humble /usr/bin/cmake /home/jopel/Documents/01_Coding/ros2-myWorkspace/src/my_cpp_package -DCMAKE_INSTALL_PREFIX=/home/jopel/Documents/01_Coding/ros2-myWorkspace/install/my_cpp_package
[0.409s] -- The C compiler identification is GNU 11.4.0
[0.409s] -- The CXX compiler identification is GNU 11.4.0
[0.410s] -- Detecting C compiler ABI info
[0.410s] -- Detecting C compiler ABI info - done
[0.410s] -- Check for working C compiler: /usr/bin/cc - skipped
[0.410s] -- Detecting C compile features
[0.410s] -- Detecting C compile features - done
[0.410s] -- Detecting CXX compiler ABI info
[0.410s] -- Detecting CXX compiler ABI info - done
[0.410s] -- Check for working CXX compiler: /usr/bin/c++ - skipped
[0.410s] -- Detecting CXX compile features
[0.410s] -- Detecting CXX compile features - done
[0.410s] -- Found ament_cmake: 1.3.5 (/opt/ros/humble/share/ament_cmake/cmake)
[0.475s] -- Found Python3: /usr/bin/python3.10 (found version "3.10.12") found components: Interpreter 
[0.539s] -- Found ament_lint_auto: 0.12.8 (/opt/ros/humble/share/ament_lint_auto/cmake)
[0.606s] -- Added test 'cppcheck' to perform static code analysis on C / C++ code
[0.613s] -- Configured cppcheck include dirs: $<BUILD_INTERFACE:/home/jopel/Documents/01_Coding/ros2-myWorkspace/src/my_cpp_package/include>
[0.613s] -- Configured cppcheck exclude dirs and/or files: 
[0.613s] -- Added test 'lint_cmake' to check CMake code style
[0.614s] -- Added test 'uncrustify' to check C / C++ code style
[0.614s] -- Configured uncrustify additional arguments: 
[0.614s] -- Added test 'xmllint' to check XML markup files
[0.614s] -- Configuring done
[0.614s] -- Generating done
[0.614s] -- Build files have been written to: /home/jopel/Documents/01_Coding/ros2-myWorkspace/build/my_cpp_package
[0.621s] Invoked command in '/home/jopel/Documents/01_Coding/ros2-myWorkspace/build/my_cpp_package' returned '0': CMAKE_PREFIX_PATH=${CMAKE_PREFIX_PATH}:/opt/ros/humble /usr/bin/cmake /home/jopel/Documents/01_Coding/ros2-myWorkspace/src/my_cpp_package -DCMAKE_INSTALL_PREFIX=/home/jopel/Documents/01_Coding/ros2-myWorkspace/install/my_cpp_package
[0.621s] Invoking command in '/home/jopel/Documents/01_Coding/ros2-myWorkspace/build/my_cpp_package': CMAKE_PREFIX_PATH=${CMAKE_PREFIX_PATH}:/opt/ros/humble /usr/bin/cmake --build /home/jopel/Documents/01_Coding/ros2-myWorkspace/build/my_cpp_package -- -j2 -l2
[0.675s] [ 50%] [32mBuilding CXX object CMakeFiles/my_node.dir/src/my_node.cpp.o[0m
[0.695s] [100%] [32m[1mLinking CXX executable my_node[0m
[0.729s] [100%] Built target my_node
[0.752s] Invoked command in '/home/jopel/Documents/01_Coding/ros2-myWorkspace/build/my_cpp_package' returned '0': CMAKE_PREFIX_PATH=${CMAKE_PREFIX_PATH}:/opt/ros/humble /usr/bin/cmake --build /home/jopel/Documents/01_Coding/ros2-myWorkspace/build/my_cpp_package -- -j2 -l2
[0.780s] Invoking command in '/home/jopel/Documents/01_Coding/ros2-myWorkspace/build/my_cpp_package': CMAKE_PREFIX_PATH=${CMAKE_PREFIX_PATH}:/opt/ros/humble /usr/bin/cmake --install /home/jopel/Documents/01_Coding/ros2-myWorkspace/build/my_cpp_package
[0.787s] -- Install configuration: ""
[0.789s] -- Installing: /home/jopel/Documents/01_Coding/ros2-myWorkspace/install/my_cpp_package/lib/my_cpp_package/my_node
[0.789s] -- Installing: /home/jopel/Documents/01_Coding/ros2-myWorkspace/install/my_cpp_package/share/ament_index/resource_index/package_run_dependencies/my_cpp_package
[0.790s] -- Installing: /home/jopel/Documents/01_Coding/ros2-myWorkspace/install/my_cpp_package/share/ament_index/resource_index/parent_prefix_path/my_cpp_package
[0.790s] -- Installing: /home/jopel/Documents/01_Coding/ros2-myWorkspace/install/my_cpp_package/share/my_cpp_package/environment/ament_prefix_path.sh
[0.790s] -- Installing: /home/jopel/Documents/01_Coding/ros2-myWorkspace/install/my_cpp_package/share/my_cpp_package/environment/ament_prefix_path.dsv
[0.790s] -- Installing: /home/jopel/Documents/01_Coding/ros2-myWorkspace/install/my_cpp_package/share/my_cpp_package/environment/path.sh
[0.791s] -- Installing: /home/jopel/Documents/01_Coding/ros2-myWorkspace/install/my_cpp_package/share/my_cpp_package/environment/path.dsv
[0.791s] -- Installing: /home/jopel/Documents/01_Coding/ros2-myWorkspace/install/my_cpp_package/share/my_cpp_package/local_setup.bash
[0.792s] -- Installing: /home/jopel/Documents/01_Coding/ros2-myWorkspace/install/my_cpp_package/share/my_cpp_package/local_setup.sh
[0.792s] -- Installing: /home/jopel/Documents/01_Coding/ros2-myWorkspace/install/my_cpp_package/share/my_cpp_package/local_setup.zsh
[0.794s] -- Installing: /home/jopel/Documents/01_Coding/ros2-myWorkspace/install/my_cpp_package/share/my_cpp_package/local_setup.dsv
[0.794s] -- Installing: /home/jopel/Documents/01_Coding/ros2-myWorkspace/install/my_cpp_package/share/my_cpp_package/package.dsv
[0.795s] -- Installing: /home/jopel/Documents/01_Coding/ros2-myWorkspace/install/my_cpp_package/share/ament_index/resource_index/packages/my_cpp_package
[0.797s] -- Installing: /home/jopel/Documents/01_Coding/ros2-myWorkspace/install/my_cpp_package/share/my_cpp_package/cmake/my_cpp_packageConfig.cmake
[0.798s] -- Installing: /home/jopel/Documents/01_Coding/ros2-myWorkspace/install/my_cpp_package/share/my_cpp_package/cmake/my_cpp_packageConfig-version.cmake
[0.799s] -- Installing: /home/jopel/Documents/01_Coding/ros2-myWorkspace/install/my_cpp_package/share/my_cpp_package/package.xml
[0.808s] Invoked command in '/home/jopel/Documents/01_Coding/ros2-myWorkspace/build/my_cpp_package' returned '0': CMAKE_PREFIX_PATH=${CMAKE_PREFIX_PATH}:/opt/ros/humble /usr/bin/cmake --install /home/jopel/Documents/01_Coding/ros2-myWorkspace/build/my_cpp_package
