[0.692s] DEBUG:colcon:Command line arguments: ['/usr/bin/colcon', 'build', '--packages-select', 'cpp_simple_pubsub']
[0.692s] DEBUG:colcon:Parsed command line arguments: Namespace(log_base=None, log_level=None, verb_name='build', build_base='build', install_base='install', merge_install=False, symlink_install=False, test_result_base=None, continue_on_error=False, executor='parallel', parallel_workers=2, event_handlers=None, ignore_user_meta=False, metas=['./colcon.meta'], base_paths=['.'], packages_ignore=None, packages_ignore_regex=None, paths=None, packages_up_to=None, packages_up_to_regex=None, packages_above=None, packages_above_and_dependencies=None, packages_above_depth=None, packages_select_by_dep=None, packages_skip_by_dep=None, packages_skip_up_to=None, packages_select_build_failed=False, packages_skip_build_finished=False, packages_select_test_failures=False, packages_skip_test_passed=False, packages_select=['cpp_simple_pubsub'], packages_skip=None, packages_select_regex=None, packages_skip_regex=None, packages_start=None, packages_end=None, allow_overriding=[], cmake_args=None, cmake_target=None, cmake_target_skip_unavailable=False, cmake_clean_cache=False, cmake_clean_first=False, cmake_force_configure=False, ament_cmake_args=None, catkin_cmake_args=None, catkin_skip_building_tests=False, verb_parser=<colcon_defaults.argument_parser.defaults.DefaultArgumentsDecorator object at 0x7f9f94e84af0>, verb_extension=<colcon_core.verb.build.BuildVerb object at 0x7f9f952da8f0>, main=<bound method BuildVerb.main of <colcon_core.verb.build.BuildVerb object at 0x7f9f952da8f0>>)
[0.727s] Level 1:colcon.colcon_core.package_discovery:discover_packages(colcon_meta) check parameters
[0.727s] Level 1:colcon.colcon_core.package_discovery:discover_packages(recursive) check parameters
[0.727s] Level 1:colcon.colcon_core.package_discovery:discover_packages(ignore) check parameters
[0.727s] Level 1:colcon.colcon_core.package_discovery:discover_packages(path) check parameters
[0.728s] Level 1:colcon.colcon_core.package_discovery:discover_packages(colcon_meta) discover
[0.728s] Level 1:colcon.colcon_core.package_discovery:discover_packages(recursive) discover
[0.728s] INFO:colcon.colcon_core.package_discovery:Crawling recursively for packages in '/home/jopel/Documents/01_Coding/ros2-myWorkspace'
[0.728s] Level 1:colcon.colcon_core.package_identification:_identify(.) by extensions ['ignore', 'ignore_ament_install']
[0.728s] Level 1:colcon.colcon_core.package_identification:_identify(.) by extension 'ignore'
[0.728s] Level 1:colcon.colcon_core.package_identification:_identify(.) by extension 'ignore_ament_install'
[0.728s] Level 1:colcon.colcon_core.package_identification:_identify(.) by extensions ['colcon_pkg']
[0.728s] Level 1:colcon.colcon_core.package_identification:_identify(.) by extension 'colcon_pkg'
[0.728s] Level 1:colcon.colcon_core.package_identification:_identify(.) by extensions ['colcon_meta']
[0.728s] Level 1:colcon.colcon_core.package_identification:_identify(.) by extension 'colcon_meta'
[0.728s] Level 1:colcon.colcon_core.package_identification:_identify(.) by extensions ['ros']
[0.728s] Level 1:colcon.colcon_core.package_identification:_identify(.) by extension 'ros'
[0.738s] Level 1:colcon.colcon_core.package_identification:_identify(.) by extensions ['cmake', 'python']
[0.738s] Level 1:colcon.colcon_core.package_identification:_identify(.) by extension 'cmake'
[0.738s] Level 1:colcon.colcon_core.package_identification:_identify(.) by extension 'python'
[0.738s] Level 1:colcon.colcon_core.package_identification:_identify(.) by extensions ['python_setup_py']
[0.738s] Level 1:colcon.colcon_core.package_identification:_identify(.) by extension 'python_setup_py'
[0.739s] Level 1:colcon.colcon_core.package_identification:_identify(build) by extensions ['ignore', 'ignore_ament_install']
[0.739s] Level 1:colcon.colcon_core.package_identification:_identify(build) by extension 'ignore'
[0.739s] Level 1:colcon.colcon_core.package_identification:_identify(build) ignored
[0.739s] Level 1:colcon.colcon_core.package_identification:_identify(install) by extensions ['ignore', 'ignore_ament_install']
[0.739s] Level 1:colcon.colcon_core.package_identification:_identify(install) by extension 'ignore'
[0.739s] Level 1:colcon.colcon_core.package_identification:_identify(install) ignored
[0.739s] Level 1:colcon.colcon_core.package_identification:_identify(log) by extensions ['ignore', 'ignore_ament_install']
[0.739s] Level 1:colcon.colcon_core.package_identification:_identify(log) by extension 'ignore'
[0.739s] Level 1:colcon.colcon_core.package_identification:_identify(log) ignored
[0.740s] Level 1:colcon.colcon_core.package_identification:_identify(src) by extensions ['ignore', 'ignore_ament_install']
[0.740s] Level 1:colcon.colcon_core.package_identification:_identify(src) by extension 'ignore'
[0.740s] Level 1:colcon.colcon_core.package_identification:_identify(src) by extension 'ignore_ament_install'
[0.740s] Level 1:colcon.colcon_core.package_identification:_identify(src) by extensions ['colcon_pkg']
[0.740s] Level 1:colcon.colcon_core.package_identification:_identify(src) by extension 'colcon_pkg'
[0.740s] Level 1:colcon.colcon_core.package_identification:_identify(src) by extensions ['colcon_meta']
[0.740s] Level 1:colcon.colcon_core.package_identification:_identify(src) by extension 'colcon_meta'
[0.740s] Level 1:colcon.colcon_core.package_identification:_identify(src) by extensions ['ros']
[0.740s] Level 1:colcon.colcon_core.package_identification:_identify(src) by extension 'ros'
[0.740s] Level 1:colcon.colcon_core.package_identification:_identify(src) by extensions ['cmake', 'python']
[0.740s] Level 1:colcon.colcon_core.package_identification:_identify(src) by extension 'cmake'
[0.740s] Level 1:colcon.colcon_core.package_identification:_identify(src) by extension 'python'
[0.740s] Level 1:colcon.colcon_core.package_identification:_identify(src) by extensions ['python_setup_py']
[0.740s] Level 1:colcon.colcon_core.package_identification:_identify(src) by extension 'python_setup_py'
[0.740s] Level 1:colcon.colcon_core.package_identification:_identify(src/cpp_simple_pubsub) by extensions ['ignore', 'ignore_ament_install']
[0.740s] Level 1:colcon.colcon_core.package_identification:_identify(src/cpp_simple_pubsub) by extension 'ignore'
[0.740s] Level 1:colcon.colcon_core.package_identification:_identify(src/cpp_simple_pubsub) by extension 'ignore_ament_install'
[0.740s] Level 1:colcon.colcon_core.package_identification:_identify(src/cpp_simple_pubsub) by extensions ['colcon_pkg']
[0.740s] Level 1:colcon.colcon_core.package_identification:_identify(src/cpp_simple_pubsub) by extension 'colcon_pkg'
[0.740s] Level 1:colcon.colcon_core.package_identification:_identify(src/cpp_simple_pubsub) by extensions ['colcon_meta']
[0.740s] Level 1:colcon.colcon_core.package_identification:_identify(src/cpp_simple_pubsub) by extension 'colcon_meta'
[0.740s] Level 1:colcon.colcon_core.package_identification:_identify(src/cpp_simple_pubsub) by extensions ['ros']
[0.740s] Level 1:colcon.colcon_core.package_identification:_identify(src/cpp_simple_pubsub) by extension 'ros'
[0.742s] DEBUG:colcon.colcon_core.package_identification:Package 'src/cpp_simple_pubsub' with type 'ros.ament_cmake' and name 'cpp_simple_pubsub'
[0.743s] Level 1:colcon.colcon_core.package_identification:_identify(src/my_cpp_package) by extensions ['ignore', 'ignore_ament_install']
[0.743s] Level 1:colcon.colcon_core.package_identification:_identify(src/my_cpp_package) by extension 'ignore'
[0.743s] Level 1:colcon.colcon_core.package_identification:_identify(src/my_cpp_package) by extension 'ignore_ament_install'
[0.743s] Level 1:colcon.colcon_core.package_identification:_identify(src/my_cpp_package) by extensions ['colcon_pkg']
[0.743s] Level 1:colcon.colcon_core.package_identification:_identify(src/my_cpp_package) by extension 'colcon_pkg'
[0.743s] Level 1:colcon.colcon_core.package_identification:_identify(src/my_cpp_package) by extensions ['colcon_meta']
[0.743s] Level 1:colcon.colcon_core.package_identification:_identify(src/my_cpp_package) by extension 'colcon_meta'
[0.743s] Level 1:colcon.colcon_core.package_identification:_identify(src/my_cpp_package) by extensions ['ros']
[0.743s] Level 1:colcon.colcon_core.package_identification:_identify(src/my_cpp_package) by extension 'ros'
[0.743s] DEBUG:colcon.colcon_core.package_identification:Package 'src/my_cpp_package' with type 'ros.ament_cmake' and name 'my_cpp_package'
[0.743s] Level 1:colcon.colcon_core.package_identification:_identify(src/my_py_package) by extensions ['ignore', 'ignore_ament_install']
[0.743s] Level 1:colcon.colcon_core.package_identification:_identify(src/my_py_package) by extension 'ignore'
[0.743s] Level 1:colcon.colcon_core.package_identification:_identify(src/my_py_package) by extension 'ignore_ament_install'
[0.743s] Level 1:colcon.colcon_core.package_identification:_identify(src/my_py_package) by extensions ['colcon_pkg']
[0.743s] Level 1:colcon.colcon_core.package_identification:_identify(src/my_py_package) by extension 'colcon_pkg'
[0.743s] Level 1:colcon.colcon_core.package_identification:_identify(src/my_py_package) by extensions ['colcon_meta']
[0.743s] Level 1:colcon.colcon_core.package_identification:_identify(src/my_py_package) by extension 'colcon_meta'
[0.743s] Level 1:colcon.colcon_core.package_identification:_identify(src/my_py_package) by extensions ['ros']
[0.743s] Level 1:colcon.colcon_core.package_identification:_identify(src/my_py_package) by extension 'ros'
[0.744s] DEBUG:colcon.colcon_core.package_identification:Package 'src/my_py_package' with type 'ros.ament_python' and name 'my_py_package'
[0.744s] Level 1:colcon.colcon_core.package_discovery:discover_packages(recursive) using defaults
[0.744s] Level 1:colcon.colcon_core.package_discovery:discover_packages(ignore) discover
[0.744s] Level 1:colcon.colcon_core.package_discovery:discover_packages(ignore) using defaults
[0.744s] Level 1:colcon.colcon_core.package_discovery:discover_packages(path) discover
[0.744s] Level 1:colcon.colcon_core.package_discovery:discover_packages(path) using defaults
[0.792s] INFO:colcon.colcon_core.package_selection:Skipping not selected package 'my_cpp_package' in 'src/my_cpp_package'
[0.792s] INFO:colcon.colcon_core.package_selection:Skipping not selected package 'my_py_package' in 'src/my_py_package'
[0.811s] Level 1:colcon.colcon_core.package_discovery:discover_packages(prefix_path) check parameters
[0.811s] Level 1:colcon.colcon_core.package_discovery:discover_packages(prefix_path) discover
[0.832s] DEBUG:colcon.colcon_installed_package_information.package_discovery:Found 284 installed packages in /opt/ros/humble
[0.833s] Level 1:colcon.colcon_core.package_discovery:discover_packages(prefix_path) using defaults
[0.899s] Level 5:colcon.colcon_core.verb:set package 'cpp_simple_pubsub' build argument 'cmake_args' from command line to 'None'
[0.899s] Level 5:colcon.colcon_core.verb:set package 'cpp_simple_pubsub' build argument 'cmake_target' from command line to 'None'
[0.899s] Level 5:colcon.colcon_core.verb:set package 'cpp_simple_pubsub' build argument 'cmake_target_skip_unavailable' from command line to 'False'
[0.899s] Level 5:colcon.colcon_core.verb:set package 'cpp_simple_pubsub' build argument 'cmake_clean_cache' from command line to 'False'
[0.899s] Level 5:colcon.colcon_core.verb:set package 'cpp_simple_pubsub' build argument 'cmake_clean_first' from command line to 'False'
[0.899s] Level 5:colcon.colcon_core.verb:set package 'cpp_simple_pubsub' build argument 'cmake_force_configure' from command line to 'False'
[0.899s] Level 5:colcon.colcon_core.verb:set package 'cpp_simple_pubsub' build argument 'ament_cmake_args' from command line to 'None'
[0.899s] Level 5:colcon.colcon_core.verb:set package 'cpp_simple_pubsub' build argument 'catkin_cmake_args' from command line to 'None'
[0.900s] Level 5:colcon.colcon_core.verb:set package 'cpp_simple_pubsub' build argument 'catkin_skip_building_tests' from command line to 'False'
[0.900s] DEBUG:colcon.colcon_core.verb:Building package 'cpp_simple_pubsub' with the following arguments: {'ament_cmake_args': None, 'build_base': '/home/jopel/Documents/01_Coding/ros2-myWorkspace/build/cpp_simple_pubsub', 'catkin_cmake_args': None, 'catkin_skip_building_tests': False, 'cmake_args': None, 'cmake_clean_cache': False, 'cmake_clean_first': False, 'cmake_force_configure': False, 'cmake_target': None, 'cmake_target_skip_unavailable': False, 'install_base': '/home/jopel/Documents/01_Coding/ros2-myWorkspace/install/cpp_simple_pubsub', 'merge_install': False, 'path': '/home/jopel/Documents/01_Coding/ros2-myWorkspace/src/cpp_simple_pubsub', 'symlink_install': False, 'test_result_base': None}
[0.909s] INFO:colcon.colcon_core.executor:Executing jobs using 'parallel' executor
[0.919s] DEBUG:colcon.colcon_parallel_executor.executor.parallel:run_until_complete
[0.919s] INFO:colcon.colcon_ros.task.ament_cmake.build:Building ROS package in '/home/jopel/Documents/01_Coding/ros2-myWorkspace/src/cpp_simple_pubsub' with build type 'ament_cmake'
[0.919s] INFO:colcon.colcon_cmake.task.cmake.build:Building CMake package in '/home/jopel/Documents/01_Coding/ros2-myWorkspace/src/cpp_simple_pubsub'
[0.930s] INFO:colcon.colcon_core.plugin_system:Skipping extension 'colcon_core.shell.bat': Not used on non-Windows systems
[0.930s] INFO:colcon.colcon_core.shell:Skip shell extension 'powershell' for command environment: Not usable outside of PowerShell
[0.930s] DEBUG:colcon.colcon_core.shell:Skip shell extension 'dsv' for command environment
[0.960s] DEBUG:colcon.colcon_core.event_handler.log_command:Invoking command in '/home/jopel/Documents/01_Coding/ros2-myWorkspace/build/cpp_simple_pubsub': CMAKE_PREFIX_PATH=/opt/ros/humble /usr/bin/cmake /home/jopel/Documents/01_Coding/ros2-myWorkspace/src/cpp_simple_pubsub -DCMAKE_INSTALL_PREFIX=/home/jopel/Documents/01_Coding/ros2-myWorkspace/install/cpp_simple_pubsub
[2.119s] DEBUG:colcon.colcon_core.event_handler.log_command:Invoked command in '/home/jopel/Documents/01_Coding/ros2-myWorkspace/build/cpp_simple_pubsub' returned '0': CMAKE_PREFIX_PATH=/opt/ros/humble /usr/bin/cmake /home/jopel/Documents/01_Coding/ros2-myWorkspace/src/cpp_simple_pubsub -DCMAKE_INSTALL_PREFIX=/home/jopel/Documents/01_Coding/ros2-myWorkspace/install/cpp_simple_pubsub
[2.121s] DEBUG:colcon.colcon_core.event_handler.log_command:Invoking command in '/home/jopel/Documents/01_Coding/ros2-myWorkspace/build/cpp_simple_pubsub': CMAKE_PREFIX_PATH=/opt/ros/humble /usr/bin/cmake --build /home/jopel/Documents/01_Coding/ros2-myWorkspace/build/cpp_simple_pubsub -- -j2 -l2
[9.255s] DEBUG:colcon.colcon_core.event_handler.log_command:Invoked command in '/home/jopel/Documents/01_Coding/ros2-myWorkspace/build/cpp_simple_pubsub' returned '0': CMAKE_PREFIX_PATH=/opt/ros/humble /usr/bin/cmake --build /home/jopel/Documents/01_Coding/ros2-myWorkspace/build/cpp_simple_pubsub -- -j2 -l2
[9.288s] DEBUG:colcon.colcon_core.event_handler.log_command:Invoking command in '/home/jopel/Documents/01_Coding/ros2-myWorkspace/build/cpp_simple_pubsub': CMAKE_PREFIX_PATH=/opt/ros/humble /usr/bin/cmake --install /home/jopel/Documents/01_Coding/ros2-myWorkspace/build/cpp_simple_pubsub
[9.298s] Level 1:colcon.colcon_core.environment:create_environment_scripts_only(cpp_simple_pubsub)
[9.301s] DEBUG:colcon.colcon_core.event_handler.log_command:Invoked command in '/home/jopel/Documents/01_Coding/ros2-myWorkspace/build/cpp_simple_pubsub' returned '0': CMAKE_PREFIX_PATH=/opt/ros/humble /usr/bin/cmake --install /home/jopel/Documents/01_Coding/ros2-myWorkspace/build/cpp_simple_pubsub
[9.311s] Level 1:colcon.colcon_core.environment:checking '/home/jopel/Documents/01_Coding/ros2-myWorkspace/install/cpp_simple_pubsub' for CMake module files
[9.311s] Level 1:colcon.colcon_core.environment:checking '/home/jopel/Documents/01_Coding/ros2-myWorkspace/install/cpp_simple_pubsub' for CMake config files
[9.312s] Level 1:colcon.colcon_core.shell:create_environment_hook('cpp_simple_pubsub', 'cmake_prefix_path')
[9.321s] INFO:colcon.colcon_core.shell:Creating environment hook '/home/jopel/Documents/01_Coding/ros2-myWorkspace/install/cpp_simple_pubsub/share/cpp_simple_pubsub/hook/cmake_prefix_path.ps1'
[9.321s] INFO:colcon.colcon_core.shell:Creating environment descriptor '/home/jopel/Documents/01_Coding/ros2-myWorkspace/install/cpp_simple_pubsub/share/cpp_simple_pubsub/hook/cmake_prefix_path.dsv'
[9.322s] INFO:colcon.colcon_core.shell:Creating environment hook '/home/jopel/Documents/01_Coding/ros2-myWorkspace/install/cpp_simple_pubsub/share/cpp_simple_pubsub/hook/cmake_prefix_path.sh'
[9.322s] Level 1:colcon.colcon_core.environment:checking '/home/jopel/Documents/01_Coding/ros2-myWorkspace/install/cpp_simple_pubsub/lib'
[9.322s] Level 1:colcon.colcon_core.environment:checking '/home/jopel/Documents/01_Coding/ros2-myWorkspace/install/cpp_simple_pubsub/bin'
[9.323s] Level 1:colcon.colcon_core.environment:checking '/home/jopel/Documents/01_Coding/ros2-myWorkspace/install/cpp_simple_pubsub/lib/pkgconfig/cpp_simple_pubsub.pc'
[9.323s] Level 1:colcon.colcon_core.environment:checking '/home/jopel/Documents/01_Coding/ros2-myWorkspace/install/cpp_simple_pubsub/lib/python3.10/site-packages'
[9.323s] Level 1:colcon.colcon_core.environment:checking '/home/jopel/Documents/01_Coding/ros2-myWorkspace/install/cpp_simple_pubsub/bin'
[9.332s] INFO:colcon.colcon_core.shell:Creating package script '/home/jopel/Documents/01_Coding/ros2-myWorkspace/install/cpp_simple_pubsub/share/cpp_simple_pubsub/package.ps1'
[9.333s] INFO:colcon.colcon_core.shell:Creating package descriptor '/home/jopel/Documents/01_Coding/ros2-myWorkspace/install/cpp_simple_pubsub/share/cpp_simple_pubsub/package.dsv'
[9.333s] INFO:colcon.colcon_core.shell:Creating package script '/home/jopel/Documents/01_Coding/ros2-myWorkspace/install/cpp_simple_pubsub/share/cpp_simple_pubsub/package.sh'
[9.333s] INFO:colcon.colcon_core.shell:Creating package script '/home/jopel/Documents/01_Coding/ros2-myWorkspace/install/cpp_simple_pubsub/share/cpp_simple_pubsub/package.bash'
[9.334s] INFO:colcon.colcon_core.shell:Creating package script '/home/jopel/Documents/01_Coding/ros2-myWorkspace/install/cpp_simple_pubsub/share/cpp_simple_pubsub/package.zsh'
[9.334s] Level 1:colcon.colcon_core.environment:create_file_with_runtime_dependencies(/home/jopel/Documents/01_Coding/ros2-myWorkspace/install/cpp_simple_pubsub/share/colcon-core/packages/cpp_simple_pubsub)
[9.363s] Level 1:colcon.colcon_core.environment:create_environment_scripts_only(cpp_simple_pubsub)
[9.374s] Level 1:colcon.colcon_core.environment:checking '/home/jopel/Documents/01_Coding/ros2-myWorkspace/install/cpp_simple_pubsub' for CMake module files
[9.374s] Level 1:colcon.colcon_core.environment:checking '/home/jopel/Documents/01_Coding/ros2-myWorkspace/install/cpp_simple_pubsub' for CMake config files
[9.375s] Level 1:colcon.colcon_core.shell:create_environment_hook('cpp_simple_pubsub', 'cmake_prefix_path')
[9.387s] INFO:colcon.colcon_core.shell:Creating environment hook '/home/jopel/Documents/01_Coding/ros2-myWorkspace/install/cpp_simple_pubsub/share/cpp_simple_pubsub/hook/cmake_prefix_path.ps1'
[9.389s] INFO:colcon.colcon_core.shell:Creating environment descriptor '/home/jopel/Documents/01_Coding/ros2-myWorkspace/install/cpp_simple_pubsub/share/cpp_simple_pubsub/hook/cmake_prefix_path.dsv'
[9.390s] INFO:colcon.colcon_core.shell:Creating environment hook '/home/jopel/Documents/01_Coding/ros2-myWorkspace/install/cpp_simple_pubsub/share/cpp_simple_pubsub/hook/cmake_prefix_path.sh'
[9.391s] Level 1:colcon.colcon_core.environment:checking '/home/jopel/Documents/01_Coding/ros2-myWorkspace/install/cpp_simple_pubsub/lib'
[9.391s] Level 1:colcon.colcon_core.environment:checking '/home/jopel/Documents/01_Coding/ros2-myWorkspace/install/cpp_simple_pubsub/bin'
[9.391s] Level 1:colcon.colcon_core.environment:checking '/home/jopel/Documents/01_Coding/ros2-myWorkspace/install/cpp_simple_pubsub/lib/pkgconfig/cpp_simple_pubsub.pc'
[9.392s] Level 1:colcon.colcon_core.environment:checking '/home/jopel/Documents/01_Coding/ros2-myWorkspace/install/cpp_simple_pubsub/lib/python3.10/site-packages'
[9.392s] Level 1:colcon.colcon_core.environment:checking '/home/jopel/Documents/01_Coding/ros2-myWorkspace/install/cpp_simple_pubsub/bin'
[9.405s] INFO:colcon.colcon_core.shell:Creating package script '/home/jopel/Documents/01_Coding/ros2-myWorkspace/install/cpp_simple_pubsub/share/cpp_simple_pubsub/package.ps1'
[9.408s] INFO:colcon.colcon_core.shell:Creating package descriptor '/home/jopel/Documents/01_Coding/ros2-myWorkspace/install/cpp_simple_pubsub/share/cpp_simple_pubsub/package.dsv'
[9.408s] INFO:colcon.colcon_core.shell:Creating package script '/home/jopel/Documents/01_Coding/ros2-myWorkspace/install/cpp_simple_pubsub/share/cpp_simple_pubsub/package.sh'
[9.408s] INFO:colcon.colcon_core.shell:Creating package script '/home/jopel/Documents/01_Coding/ros2-myWorkspace/install/cpp_simple_pubsub/share/cpp_simple_pubsub/package.bash'
[9.409s] INFO:colcon.colcon_core.shell:Creating package script '/home/jopel/Documents/01_Coding/ros2-myWorkspace/install/cpp_simple_pubsub/share/cpp_simple_pubsub/package.zsh'
[9.409s] Level 1:colcon.colcon_core.environment:create_file_with_runtime_dependencies(/home/jopel/Documents/01_Coding/ros2-myWorkspace/install/cpp_simple_pubsub/share/colcon-core/packages/cpp_simple_pubsub)
[9.409s] DEBUG:colcon.colcon_parallel_executor.executor.parallel:closing loop
[9.410s] DEBUG:colcon.colcon_parallel_executor.executor.parallel:loop closed
[9.410s] DEBUG:colcon.colcon_parallel_executor.executor.parallel:run_until_complete finished with '0'
[9.410s] DEBUG:colcon.colcon_core.event_reactor:joining thread
[9.424s] INFO:colcon.colcon_core.plugin_system:Skipping extension 'colcon_notification.desktop_notification.terminal_notifier': Not used on non-Darwin systems
[9.424s] INFO:colcon.colcon_core.plugin_system:Skipping extension 'colcon_notification.desktop_notification.win32': Not used on non-Windows systems
[9.424s] INFO:colcon.colcon_notification.desktop_notification:Sending desktop notification using 'notify2'
[9.426s] DEBUG:colcon.colcon_notification.desktop_notification.notify2:Failed to initialize notify2: org.freedesktop.DBus.Error.ServiceUnknown: The name org.freedesktop.Notifications was not provided by any .service files
[9.426s] DEBUG:colcon.colcon_core.event_reactor:joined thread
[9.438s] INFO:colcon.colcon_core.shell:Creating prefix script '/home/jopel/Documents/01_Coding/ros2-myWorkspace/install/local_setup.ps1'
[9.438s] INFO:colcon.colcon_core.shell:Creating prefix util module '/home/jopel/Documents/01_Coding/ros2-myWorkspace/install/_local_setup_util_ps1.py'
[9.439s] INFO:colcon.colcon_core.shell:Creating prefix chain script '/home/jopel/Documents/01_Coding/ros2-myWorkspace/install/setup.ps1'
[9.449s] INFO:colcon.colcon_core.shell:Creating prefix script '/home/jopel/Documents/01_Coding/ros2-myWorkspace/install/local_setup.sh'
[9.450s] INFO:colcon.colcon_core.shell:Creating prefix util module '/home/jopel/Documents/01_Coding/ros2-myWorkspace/install/_local_setup_util_sh.py'
[9.450s] INFO:colcon.colcon_core.shell:Creating prefix chain script '/home/jopel/Documents/01_Coding/ros2-myWorkspace/install/setup.sh'
[9.462s] INFO:colcon.colcon_core.shell:Creating prefix script '/home/jopel/Documents/01_Coding/ros2-myWorkspace/install/local_setup.bash'
[9.462s] INFO:colcon.colcon_core.shell:Creating prefix chain script '/home/jopel/Documents/01_Coding/ros2-myWorkspace/install/setup.bash'
[9.474s] INFO:colcon.colcon_core.shell:Creating prefix script '/home/jopel/Documents/01_Coding/ros2-myWorkspace/install/local_setup.zsh'
[9.474s] INFO:colcon.colcon_core.shell:Creating prefix chain script '/home/jopel/Documents/01_Coding/ros2-myWorkspace/install/setup.zsh'
