[1.417s] DEBUG:colcon:Command line arguments: ['/usr/bin/colcon', 'list', '-p', '--base-paths', '/home/jopel/Documents/01_Coding/ros2-myWorkspace']
[1.417s] DEBUG:colcon:Parsed command line arguments: Namespace(log_base=None, log_level=None, verb_name='list', build_base='build', ignore_user_meta=False, metas=['./colcon.meta'], base_paths=['/home/jopel/Documents/01_Coding/ros2-myWorkspace'], packages_ignore=None, packages_ignore_regex=None, paths=None, packages_up_to=None, packages_up_to_regex=None, packages_above=None, packages_above_and_dependencies=None, packages_above_depth=None, packages_select_by_dep=None, packages_skip_by_dep=None, packages_skip_up_to=None, packages_select_build_failed=False, packages_skip_build_finished=False, packages_select_test_failures=False, packages_skip_test_passed=False, packages_select=None, packages_skip=None, packages_select_regex=None, packages_skip_regex=None, packages_start=None, packages_end=None, allow_overriding=[], topological_order=False, names_only=False, paths_only=True, topological_graph=False, topological_graph_dot=False, topological_graph_density=False, topological_graph_legend=False, topological_graph_dot_cluster=False, topological_graph_dot_include_skipped=False, verb_parser=<colcon_defaults.argument_parser.defaults.DefaultArgumentsDecorator object at 0x7f1a0dd9ada0>, verb_extension=<colcon_package_information.verb.list.ListVerb object at 0x7f1a0dd724a0>, main=<bound method ListVerb.main of <colcon_package_information.verb.list.ListVerb object at 0x7f1a0dd724a0>>)
[1.485s] Level 1:colcon.colcon_core.package_discovery:discover_packages(colcon_meta) check parameters
[1.486s] Level 1:colcon.colcon_core.package_discovery:discover_packages(recursive) check parameters
[1.486s] Level 1:colcon.colcon_core.package_discovery:discover_packages(ignore) check parameters
[1.486s] Level 1:colcon.colcon_core.package_discovery:discover_packages(path) check parameters
[1.486s] Level 1:colcon.colcon_core.package_discovery:discover_packages(recursive) discover
[1.486s] INFO:colcon.colcon_core.package_discovery:Crawling recursively for packages in '/home/jopel/Documents/01_Coding/ros2-myWorkspace'
[1.486s] Level 1:colcon.colcon_core.package_identification:_identify(/home/jopel/Documents/01_Coding/ros2-myWorkspace) by extensions ['ignore', 'ignore_ament_install']
[1.486s] Level 1:colcon.colcon_core.package_identification:_identify(/home/jopel/Documents/01_Coding/ros2-myWorkspace) by extension 'ignore'
[1.487s] Level 1:colcon.colcon_core.package_identification:_identify(/home/jopel/Documents/01_Coding/ros2-myWorkspace) by extension 'ignore_ament_install'
[1.487s] Level 1:colcon.colcon_core.package_identification:_identify(/home/jopel/Documents/01_Coding/ros2-myWorkspace) by extensions ['colcon_pkg']
[1.487s] Level 1:colcon.colcon_core.package_identification:_identify(/home/jopel/Documents/01_Coding/ros2-myWorkspace) by extension 'colcon_pkg'
[1.487s] Level 1:colcon.colcon_core.package_identification:_identify(/home/jopel/Documents/01_Coding/ros2-myWorkspace) by extensions ['colcon_meta']
[1.487s] Level 1:colcon.colcon_core.package_identification:_identify(/home/jopel/Documents/01_Coding/ros2-myWorkspace) by extension 'colcon_meta'
[1.487s] Level 1:colcon.colcon_core.package_identification:_identify(/home/jopel/Documents/01_Coding/ros2-myWorkspace) by extensions ['ros']
[1.487s] Level 1:colcon.colcon_core.package_identification:_identify(/home/jopel/Documents/01_Coding/ros2-myWorkspace) by extension 'ros'
[1.509s] Level 1:colcon.colcon_core.package_identification:_identify(/home/jopel/Documents/01_Coding/ros2-myWorkspace) by extensions ['cmake', 'python']
[1.509s] Level 1:colcon.colcon_core.package_identification:_identify(/home/jopel/Documents/01_Coding/ros2-myWorkspace) by extension 'cmake'
[1.509s] Level 1:colcon.colcon_core.package_identification:_identify(/home/jopel/Documents/01_Coding/ros2-myWorkspace) by extension 'python'
[1.509s] Level 1:colcon.colcon_core.package_identification:_identify(/home/jopel/Documents/01_Coding/ros2-myWorkspace) by extensions ['python_setup_py']
[1.510s] Level 1:colcon.colcon_core.package_identification:_identify(/home/jopel/Documents/01_Coding/ros2-myWorkspace) by extension 'python_setup_py'
[1.510s] Level 1:colcon.colcon_core.package_identification:_identify(/home/jopel/Documents/01_Coding/ros2-myWorkspace/build) by extensions ['ignore', 'ignore_ament_install']
[1.511s] Level 1:colcon.colcon_core.package_identification:_identify(/home/jopel/Documents/01_Coding/ros2-myWorkspace/build) by extension 'ignore'
[1.511s] Level 1:colcon.colcon_core.package_identification:_identify(/home/jopel/Documents/01_Coding/ros2-myWorkspace/build) ignored
[1.511s] Level 1:colcon.colcon_core.package_identification:_identify(/home/jopel/Documents/01_Coding/ros2-myWorkspace/install) by extensions ['ignore', 'ignore_ament_install']
[1.511s] Level 1:colcon.colcon_core.package_identification:_identify(/home/jopel/Documents/01_Coding/ros2-myWorkspace/install) by extension 'ignore'
[1.511s] Level 1:colcon.colcon_core.package_identification:_identify(/home/jopel/Documents/01_Coding/ros2-myWorkspace/install) ignored
[1.512s] Level 1:colcon.colcon_core.package_identification:_identify(/home/jopel/Documents/01_Coding/ros2-myWorkspace/log) by extensions ['ignore', 'ignore_ament_install']
[1.512s] Level 1:colcon.colcon_core.package_identification:_identify(/home/jopel/Documents/01_Coding/ros2-myWorkspace/log) by extension 'ignore'
[1.512s] Level 1:colcon.colcon_core.package_identification:_identify(/home/jopel/Documents/01_Coding/ros2-myWorkspace/log) ignored
[1.512s] Level 1:colcon.colcon_core.package_identification:_identify(/home/jopel/Documents/01_Coding/ros2-myWorkspace/src) by extensions ['ignore', 'ignore_ament_install']
[1.512s] Level 1:colcon.colcon_core.package_identification:_identify(/home/jopel/Documents/01_Coding/ros2-myWorkspace/src) by extension 'ignore'
[1.512s] Level 1:colcon.colcon_core.package_identification:_identify(/home/jopel/Documents/01_Coding/ros2-myWorkspace/src) by extension 'ignore_ament_install'
[1.512s] Level 1:colcon.colcon_core.package_identification:_identify(/home/jopel/Documents/01_Coding/ros2-myWorkspace/src) by extensions ['colcon_pkg']
[1.512s] Level 1:colcon.colcon_core.package_identification:_identify(/home/jopel/Documents/01_Coding/ros2-myWorkspace/src) by extension 'colcon_pkg'
[1.512s] Level 1:colcon.colcon_core.package_identification:_identify(/home/jopel/Documents/01_Coding/ros2-myWorkspace/src) by extensions ['colcon_meta']
[1.513s] Level 1:colcon.colcon_core.package_identification:_identify(/home/jopel/Documents/01_Coding/ros2-myWorkspace/src) by extension 'colcon_meta'
[1.513s] Level 1:colcon.colcon_core.package_identification:_identify(/home/jopel/Documents/01_Coding/ros2-myWorkspace/src) by extensions ['ros']
[1.513s] Level 1:colcon.colcon_core.package_identification:_identify(/home/jopel/Documents/01_Coding/ros2-myWorkspace/src) by extension 'ros'
[1.513s] Level 1:colcon.colcon_core.package_identification:_identify(/home/jopel/Documents/01_Coding/ros2-myWorkspace/src) by extensions ['cmake', 'python']
[1.513s] Level 1:colcon.colcon_core.package_identification:_identify(/home/jopel/Documents/01_Coding/ros2-myWorkspace/src) by extension 'cmake'
[1.513s] Level 1:colcon.colcon_core.package_identification:_identify(/home/jopel/Documents/01_Coding/ros2-myWorkspace/src) by extension 'python'
[1.513s] Level 1:colcon.colcon_core.package_identification:_identify(/home/jopel/Documents/01_Coding/ros2-myWorkspace/src) by extensions ['python_setup_py']
[1.513s] Level 1:colcon.colcon_core.package_identification:_identify(/home/jopel/Documents/01_Coding/ros2-myWorkspace/src) by extension 'python_setup_py'
[1.513s] Level 1:colcon.colcon_core.package_identification:_identify(/home/jopel/Documents/01_Coding/ros2-myWorkspace/src/cpp_simple_pubsub) by extensions ['ignore', 'ignore_ament_install']
[1.513s] Level 1:colcon.colcon_core.package_identification:_identify(/home/jopel/Documents/01_Coding/ros2-myWorkspace/src/cpp_simple_pubsub) by extension 'ignore'
[1.514s] Level 1:colcon.colcon_core.package_identification:_identify(/home/jopel/Documents/01_Coding/ros2-myWorkspace/src/cpp_simple_pubsub) by extension 'ignore_ament_install'
[1.514s] Level 1:colcon.colcon_core.package_identification:_identify(/home/jopel/Documents/01_Coding/ros2-myWorkspace/src/cpp_simple_pubsub) by extensions ['colcon_pkg']
[1.514s] Level 1:colcon.colcon_core.package_identification:_identify(/home/jopel/Documents/01_Coding/ros2-myWorkspace/src/cpp_simple_pubsub) by extension 'colcon_pkg'
[1.514s] Level 1:colcon.colcon_core.package_identification:_identify(/home/jopel/Documents/01_Coding/ros2-myWorkspace/src/cpp_simple_pubsub) by extensions ['colcon_meta']
[1.514s] Level 1:colcon.colcon_core.package_identification:_identify(/home/jopel/Documents/01_Coding/ros2-myWorkspace/src/cpp_simple_pubsub) by extension 'colcon_meta'
[1.514s] Level 1:colcon.colcon_core.package_identification:_identify(/home/jopel/Documents/01_Coding/ros2-myWorkspace/src/cpp_simple_pubsub) by extensions ['ros']
[1.514s] Level 1:colcon.colcon_core.package_identification:_identify(/home/jopel/Documents/01_Coding/ros2-myWorkspace/src/cpp_simple_pubsub) by extension 'ros'
[1.517s] DEBUG:colcon.colcon_core.package_identification:Package '/home/jopel/Documents/01_Coding/ros2-myWorkspace/src/cpp_simple_pubsub' with type 'ros.ament_cmake' and name 'cpp_simple_pubsub'
[1.517s] Level 1:colcon.colcon_core.package_identification:_identify(/home/jopel/Documents/01_Coding/ros2-myWorkspace/src/my_cpp_package) by extensions ['ignore', 'ignore_ament_install']
[1.517s] Level 1:colcon.colcon_core.package_identification:_identify(/home/jopel/Documents/01_Coding/ros2-myWorkspace/src/my_cpp_package) by extension 'ignore'
[1.517s] Level 1:colcon.colcon_core.package_identification:_identify(/home/jopel/Documents/01_Coding/ros2-myWorkspace/src/my_cpp_package) by extension 'ignore_ament_install'
[1.517s] Level 1:colcon.colcon_core.package_identification:_identify(/home/jopel/Documents/01_Coding/ros2-myWorkspace/src/my_cpp_package) by extensions ['colcon_pkg']
[1.517s] Level 1:colcon.colcon_core.package_identification:_identify(/home/jopel/Documents/01_Coding/ros2-myWorkspace/src/my_cpp_package) by extension 'colcon_pkg'
[1.518s] Level 1:colcon.colcon_core.package_identification:_identify(/home/jopel/Documents/01_Coding/ros2-myWorkspace/src/my_cpp_package) by extensions ['colcon_meta']
[1.518s] Level 1:colcon.colcon_core.package_identification:_identify(/home/jopel/Documents/01_Coding/ros2-myWorkspace/src/my_cpp_package) by extension 'colcon_meta'
[1.518s] Level 1:colcon.colcon_core.package_identification:_identify(/home/jopel/Documents/01_Coding/ros2-myWorkspace/src/my_cpp_package) by extensions ['ros']
[1.518s] Level 1:colcon.colcon_core.package_identification:_identify(/home/jopel/Documents/01_Coding/ros2-myWorkspace/src/my_cpp_package) by extension 'ros'
[1.518s] DEBUG:colcon.colcon_core.package_identification:Package '/home/jopel/Documents/01_Coding/ros2-myWorkspace/src/my_cpp_package' with type 'ros.ament_cmake' and name 'my_cpp_package'
[1.519s] Level 1:colcon.colcon_core.package_identification:_identify(/home/jopel/Documents/01_Coding/ros2-myWorkspace/src/my_py_package) by extensions ['ignore', 'ignore_ament_install']
[1.519s] Level 1:colcon.colcon_core.package_identification:_identify(/home/jopel/Documents/01_Coding/ros2-myWorkspace/src/my_py_package) by extension 'ignore'
[1.519s] Level 1:colcon.colcon_core.package_identification:_identify(/home/jopel/Documents/01_Coding/ros2-myWorkspace/src/my_py_package) by extension 'ignore_ament_install'
[1.519s] Level 1:colcon.colcon_core.package_identification:_identify(/home/jopel/Documents/01_Coding/ros2-myWorkspace/src/my_py_package) by extensions ['colcon_pkg']
[1.519s] Level 1:colcon.colcon_core.package_identification:_identify(/home/jopel/Documents/01_Coding/ros2-myWorkspace/src/my_py_package) by extension 'colcon_pkg'
[1.519s] Level 1:colcon.colcon_core.package_identification:_identify(/home/jopel/Documents/01_Coding/ros2-myWorkspace/src/my_py_package) by extensions ['colcon_meta']
[1.519s] Level 1:colcon.colcon_core.package_identification:_identify(/home/jopel/Documents/01_Coding/ros2-myWorkspace/src/my_py_package) by extension 'colcon_meta'
[1.520s] Level 1:colcon.colcon_core.package_identification:_identify(/home/jopel/Documents/01_Coding/ros2-myWorkspace/src/my_py_package) by extensions ['ros']
[1.520s] Level 1:colcon.colcon_core.package_identification:_identify(/home/jopel/Documents/01_Coding/ros2-myWorkspace/src/my_py_package) by extension 'ros'
[1.520s] DEBUG:colcon.colcon_core.package_identification:Package '/home/jopel/Documents/01_Coding/ros2-myWorkspace/src/my_py_package' with type 'ros.ament_python' and name 'my_py_package'
[1.520s] Level 1:colcon.colcon_core.package_discovery:discover_packages(recursive) using defaults
