running egg_info
writing ../../build/my_py_package/my_py_package.egg-info/PKG-INFO
writing dependency_links to ../../build/my_py_package/my_py_package.egg-info/dependency_links.txt
writing entry points to ../../build/my_py_package/my_py_package.egg-info/entry_points.txt
writing requirements to ../../build/my_py_package/my_py_package.egg-info/requires.txt
writing top-level names to ../../build/my_py_package/my_py_package.egg-info/top_level.txt
reading manifest file '../../build/my_py_package/my_py_package.egg-info/SOURCES.txt'
writing manifest file '../../build/my_py_package/my_py_package.egg-info/SOURCES.txt'
running build
running build_py
running install
/usr/lib/python3/dist-packages/setuptools/command/install.py:34: SetuptoolsDeprecationWarning: setup.py install is deprecated. Use build and pip and other standards-based tools.
  warnings.warn(
running install_lib
running install_data
copying package.xml -> /home/jopel/Documents/01_Coding/ros2-myWorkspace/install/my_py_package/share/my_py_package
running install_egg_info
removing '/home/jopel/Documents/01_Coding/ros2-myWorkspace/install/my_py_package/lib/python3.10/site-packages/my_py_package-0.0.0-py3.10.egg-info' (and everything under it)
Copying ../../build/my_py_package/my_py_package.egg-info to /home/jopel/Documents/01_Coding/ros2-myWorkspace/install/my_py_package/lib/python3.10/site-packages/my_py_package-0.0.0-py3.10.egg-info
running install_scripts
Installing my_node script to /home/jopel/Documents/01_Coding/ros2-myWorkspace/install/my_py_package/lib/my_py_package
writing list of installed files to '/home/jopel/Documents/01_Coding/ros2-myWorkspace/build/my_py_package/install.log'
