[0.611s] Invoking command in '/home/jopel/Documents/01_Coding/ros2-myWorkspace/src/my_py_package': PYTHONPATH=/home/jopel/Documents/01_Coding/ros2-myWorkspace/build/my_py_package/prefix_override:/home/jopel/Documents/01_Coding/ros2-myWorkspace/install/my_py_package/lib/python3.10/site-packages:${PYTHONPATH} /usr/bin/python3 setup.py egg_info --egg-base ../../build/my_py_package build --build-base /home/jopel/Documents/01_Coding/ros2-myWorkspace/build/my_py_package/build install --record /home/jopel/Documents/01_Coding/ros2-myWorkspace/build/my_py_package/install.log --single-version-externally-managed
[0.770s] running egg_info
[0.770s] writing ../../build/my_py_package/my_py_package.egg-info/PKG-INFO
[0.771s] writing dependency_links to ../../build/my_py_package/my_py_package.egg-info/dependency_links.txt
[0.771s] writing entry points to ../../build/my_py_package/my_py_package.egg-info/entry_points.txt
[0.771s] writing requirements to ../../build/my_py_package/my_py_package.egg-info/requires.txt
[0.771s] writing top-level names to ../../build/my_py_package/my_py_package.egg-info/top_level.txt
[0.772s] reading manifest file '../../build/my_py_package/my_py_package.egg-info/SOURCES.txt'
[0.773s] writing manifest file '../../build/my_py_package/my_py_package.egg-info/SOURCES.txt'
[0.773s] running build
[0.773s] running build_py
[0.773s] running install
[0.773s] /usr/lib/python3/dist-packages/setuptools/command/install.py:34: SetuptoolsDeprecationWarning: setup.py install is deprecated. Use build and pip and other standards-based tools.
[0.773s]   warnings.warn(
[0.773s] running install_lib
[0.774s] running install_data
[0.774s] copying package.xml -> /home/jopel/Documents/01_Coding/ros2-myWorkspace/install/my_py_package/share/my_py_package
[0.774s] running install_egg_info
[0.776s] removing '/home/jopel/Documents/01_Coding/ros2-myWorkspace/install/my_py_package/lib/python3.10/site-packages/my_py_package-0.0.0-py3.10.egg-info' (and everything under it)
[0.776s] Copying ../../build/my_py_package/my_py_package.egg-info to /home/jopel/Documents/01_Coding/ros2-myWorkspace/install/my_py_package/lib/python3.10/site-packages/my_py_package-0.0.0-py3.10.egg-info
[0.776s] running install_scripts
[0.791s] Installing my_node script to /home/jopel/Documents/01_Coding/ros2-myWorkspace/install/my_py_package/lib/my_py_package
[0.792s] writing list of installed files to '/home/jopel/Documents/01_Coding/ros2-myWorkspace/build/my_py_package/install.log'
[0.809s] Invoked command in '/home/jopel/Documents/01_Coding/ros2-myWorkspace/src/my_py_package' returned '0': PYTHONPATH=/home/jopel/Documents/01_Coding/ros2-myWorkspace/build/my_py_package/prefix_override:/home/jopel/Documents/01_Coding/ros2-myWorkspace/install/my_py_package/lib/python3.10/site-packages:${PYTHONPATH} /usr/bin/python3 setup.py egg_info --egg-base ../../build/my_py_package build --build-base /home/jopel/Documents/01_Coding/ros2-myWorkspace/build/my_py_package/build install --record /home/jopel/Documents/01_Coding/ros2-myWorkspace/build/my_py_package/install.log --single-version-externally-managed
