-- Found ament_cmake: 1.3.5 (/opt/ros/humble/share/ament_cmake/cmake)
-- Found ament_lint_auto: 0.12.8 (/opt/ros/humble/share/ament_lint_auto/cmake)
-- Added test 'cppcheck' to perform static code analysis on C / C++ code
-- Configured cppcheck include dirs: $<BUILD_INTERFACE:/home/jopel/Documents/01_Coding/ros2-myWorkspace/src/my_cpp_package/include>
-- Configured cppcheck exclude dirs and/or files: 
-- Added test 'lint_cmake' to check CMake code style
-- Added test 'uncrustify' to check C / C++ code style
-- Configured uncrustify additional arguments: 
-- Added test 'xmllint' to check XML markup files
-- Configuring done
-- Generating done
-- Build files have been written to: /home/jopel/Documents/01_Coding/ros2-myWorkspace/build/my_cpp_package
[35m[1mConsolidate compiler generated dependencies of target my_node[0m
[100%] Built target my_node
-- Install configuration: ""
-- Up-to-date: /home/jopel/Documents/01_Coding/ros2-myWorkspace/install/my_cpp_package/lib/my_cpp_package/my_node
-- Up-to-date: /home/jopel/Documents/01_Coding/ros2-myWorkspace/install/my_cpp_package/share/ament_index/resource_index/package_run_dependencies/my_cpp_package
-- Installing: /home/jopel/Documents/01_Coding/ros2-myWorkspace/install/my_cpp_package/share/ament_index/resource_index/parent_prefix_path/my_cpp_package
-- Up-to-date: /home/jopel/Documents/01_Coding/ros2-myWorkspace/install/my_cpp_package/share/my_cpp_package/environment/ament_prefix_path.sh
-- Installing: /home/jopel/Documents/01_Coding/ros2-myWorkspace/install/my_cpp_package/share/my_cpp_package/environment/ament_prefix_path.dsv
-- Up-to-date: /home/jopel/Documents/01_Coding/ros2-myWorkspace/install/my_cpp_package/share/my_cpp_package/environment/path.sh
-- Installing: /home/jopel/Documents/01_Coding/ros2-myWorkspace/install/my_cpp_package/share/my_cpp_package/environment/path.dsv
-- Up-to-date: /home/jopel/Documents/01_Coding/ros2-myWorkspace/install/my_cpp_package/share/my_cpp_package/local_setup.bash
-- Up-to-date: /home/jopel/Documents/01_Coding/ros2-myWorkspace/install/my_cpp_package/share/my_cpp_package/local_setup.sh
-- Up-to-date: /home/jopel/Documents/01_Coding/ros2-myWorkspace/install/my_cpp_package/share/my_cpp_package/local_setup.zsh
-- Installing: /home/jopel/Documents/01_Coding/ros2-myWorkspace/install/my_cpp_package/share/my_cpp_package/local_setup.dsv
-- Installing: /home/jopel/Documents/01_Coding/ros2-myWorkspace/install/my_cpp_package/share/my_cpp_package/package.dsv
-- Up-to-date: /home/jopel/Documents/01_Coding/ros2-myWorkspace/install/my_cpp_package/share/ament_index/resource_index/packages/my_cpp_package
-- Up-to-date: /home/jopel/Documents/01_Coding/ros2-myWorkspace/install/my_cpp_package/share/my_cpp_package/cmake/my_cpp_packageConfig.cmake
-- Up-to-date: /home/jopel/Documents/01_Coding/ros2-myWorkspace/install/my_cpp_package/share/my_cpp_package/cmake/my_cpp_packageConfig-version.cmake
-- Installing: /home/jopel/Documents/01_Coding/ros2-myWorkspace/install/my_cpp_package/share/my_cpp_package/package.xml
