[0.119s] Invoking command in '/home/jopel/Documents/01_Coding/ros2-myWorkspace/build/my_cpp_package': CMAKE_PREFIX_PATH=${CMAKE_PREFIX_PATH}:/home/jopel/Documents/01_Coding/ros2-myWorkspace/install/my_py_package:/opt/ros/humble /usr/bin/cmake --build /home/jopel/Documents/01_Coding/ros2-myWorkspace/build/my_cpp_package -- -j2 -l2
[0.127s] -- Found ament_cmake: 1.3.5 (/opt/ros/humble/share/ament_cmake/cmake)
[0.249s] -- Found ament_lint_auto: 0.12.8 (/opt/ros/humble/share/ament_lint_auto/cmake)
[0.311s] -- Added test 'cppcheck' to perform static code analysis on C / C++ code
[0.312s] -- Configured cppcheck include dirs: $<BUILD_INTERFACE:/home/jopel/Documents/01_Coding/ros2-myWorkspace/src/my_cpp_package/include>
[0.312s] -- Configured cppcheck exclude dirs and/or files: 
[0.313s] -- Added test 'lint_cmake' to check CMake code style
[0.314s] -- Added test 'uncrustify' to check C / C++ code style
[0.314s] -- Configured uncrustify additional arguments: 
[0.317s] -- Added test 'xmllint' to check XML markup files
[0.317s] -- Configuring done
[0.321s] -- Generating done
[0.323s] -- Build files have been written to: /home/jopel/Documents/01_Coding/ros2-myWorkspace/build/my_cpp_package
[0.345s] [35m[1mConsolidate compiler generated dependencies of target my_node[0m
[0.353s] [100%] Built target my_node
[0.391s] Invoked command in '/home/jopel/Documents/01_Coding/ros2-myWorkspace/build/my_cpp_package' returned '0': CMAKE_PREFIX_PATH=${CMAKE_PREFIX_PATH}:/home/jopel/Documents/01_Coding/ros2-myWorkspace/install/my_py_package:/opt/ros/humble /usr/bin/cmake --build /home/jopel/Documents/01_Coding/ros2-myWorkspace/build/my_cpp_package -- -j2 -l2
[0.414s] Invoking command in '/home/jopel/Documents/01_Coding/ros2-myWorkspace/build/my_cpp_package': CMAKE_PREFIX_PATH=${CMAKE_PREFIX_PATH}:/home/jopel/Documents/01_Coding/ros2-myWorkspace/install/my_py_package:/opt/ros/humble /usr/bin/cmake --install /home/jopel/Documents/01_Coding/ros2-myWorkspace/build/my_cpp_package
[0.420s] -- Install configuration: ""
[0.420s] -- Up-to-date: /home/jopel/Documents/01_Coding/ros2-myWorkspace/install/my_cpp_package/lib/my_cpp_package/my_node
[0.420s] -- Up-to-date: /home/jopel/Documents/01_Coding/ros2-myWorkspace/install/my_cpp_package/share/ament_index/resource_index/package_run_dependencies/my_cpp_package
[0.424s] -- Installing: /home/jopel/Documents/01_Coding/ros2-myWorkspace/install/my_cpp_package/share/ament_index/resource_index/parent_prefix_path/my_cpp_package
[0.424s] -- Up-to-date: /home/jopel/Documents/01_Coding/ros2-myWorkspace/install/my_cpp_package/share/my_cpp_package/environment/ament_prefix_path.sh
[0.424s] -- Installing: /home/jopel/Documents/01_Coding/ros2-myWorkspace/install/my_cpp_package/share/my_cpp_package/environment/ament_prefix_path.dsv
[0.424s] -- Up-to-date: /home/jopel/Documents/01_Coding/ros2-myWorkspace/install/my_cpp_package/share/my_cpp_package/environment/path.sh
[0.424s] -- Installing: /home/jopel/Documents/01_Coding/ros2-myWorkspace/install/my_cpp_package/share/my_cpp_package/environment/path.dsv
[0.424s] -- Up-to-date: /home/jopel/Documents/01_Coding/ros2-myWorkspace/install/my_cpp_package/share/my_cpp_package/local_setup.bash
[0.424s] -- Up-to-date: /home/jopel/Documents/01_Coding/ros2-myWorkspace/install/my_cpp_package/share/my_cpp_package/local_setup.sh
[0.424s] -- Up-to-date: /home/jopel/Documents/01_Coding/ros2-myWorkspace/install/my_cpp_package/share/my_cpp_package/local_setup.zsh
[0.424s] -- Installing: /home/jopel/Documents/01_Coding/ros2-myWorkspace/install/my_cpp_package/share/my_cpp_package/local_setup.dsv
[0.424s] -- Installing: /home/jopel/Documents/01_Coding/ros2-myWorkspace/install/my_cpp_package/share/my_cpp_package/package.dsv
[0.424s] -- Up-to-date: /home/jopel/Documents/01_Coding/ros2-myWorkspace/install/my_cpp_package/share/ament_index/resource_index/packages/my_cpp_package
[0.424s] -- Up-to-date: /home/jopel/Documents/01_Coding/ros2-myWorkspace/install/my_cpp_package/share/my_cpp_package/cmake/my_cpp_packageConfig.cmake
[0.424s] -- Up-to-date: /home/jopel/Documents/01_Coding/ros2-myWorkspace/install/my_cpp_package/share/my_cpp_package/cmake/my_cpp_packageConfig-version.cmake
[0.424s] -- Installing: /home/jopel/Documents/01_Coding/ros2-myWorkspace/install/my_cpp_package/share/my_cpp_package/package.xml
[0.437s] Invoked command in '/home/jopel/Documents/01_Coding/ros2-myWorkspace/build/my_cpp_package' returned '0': CMAKE_PREFIX_PATH=${CMAKE_PREFIX_PATH}:/home/jopel/Documents/01_Coding/ros2-myWorkspace/install/my_py_package:/opt/ros/humble /usr/bin/cmake --install /home/jopel/Documents/01_Coding/ros2-myWorkspace/build/my_cpp_package
